{"C:\\Users\\sjrei\\Documents\\lambda\\my-school\\My-School-BE\\index.js": {"path":"C:\\Users\\sjrei\\Documents\\lambda\\my-school\\My-School-BE\\index.js","statementMap":{"0":{"start":{"line":1,"column":15},"end":{"line":1,"column":41}},"1":{"start":{"line":3,"column":13},"end":{"line":3,"column":37}},"2":{"start":{"line":5,"column":0},"end":{"line":5,"column":79}},"3":{"start":{"line":5,"column":26},"end":{"line":5,"column":78}}},"fnMap":{"0":{"name":"(anonymous_0)","decl":{"start":{"line":5,"column":20},"end":{"line":5,"column":21}},"loc":{"start":{"line":5,"column":26},"end":{"line":5,"column":78}},"line":5}},"branchMap":{"0":{"loc":{"start":{"line":3,"column":13},"end":{"line":3,"column":37}},"type":"binary-expr","locations":[{"start":{"line":3,"column":13},"end":{"line":3,"column":29}},{"start":{"line":3,"column":33},"end":{"line":3,"column":37}}],"line":3}},"s":{"0":0,"1":0,"2":0,"3":0},"f":{"0":0},"b":{"0":[0,0]}}
,"C:\\Users\\sjrei\\Documents\\lambda\\my-school\\My-School-BE\\knexfile.js": {"path":"C:\\Users\\sjrei\\Documents\\lambda\\my-school\\My-School-BE\\knexfile.js","statementMap":{"0":{"start":{"line":1,"column":0},"end":{"line":58,"column":2}},"1":{"start":{"line":18,"column":8},"end":{"line":18,"column":51}}},"fnMap":{"0":{"name":"(anonymous_0)","decl":{"start":{"line":16,"column":19},"end":{"line":16,"column":20}},"loc":{"start":{"line":16,"column":35},"end":{"line":19,"column":7}},"line":16}},"branchMap":{},"s":{"0":4,"1":0},"f":{"0":0},"b":{},"_coverageSchema":"1a1c01bbd47fc00a2c39e90264f33305004495a9","hash":"3545dd6aed9c714ca0f46f800371fabc15b8723e"}
,"C:\\Users\\sjrei\\Documents\\lambda\\my-school\\My-School-BE\\activitylog\\activities-model.js": {"path":"C:\\Users\\sjrei\\Documents\\lambda\\my-school\\My-School-BE\\activitylog\\activities-model.js","statementMap":{"0":{"start":{"line":1,"column":11},"end":{"line":1,"column":41}},"1":{"start":{"line":3,"column":0},"end":{"line":9,"column":2}},"2":{"start":{"line":12,"column":4},"end":{"line":16,"column":122}},"3":{"start":{"line":20,"column":4},"end":{"line":25,"column":36}},"4":{"start":{"line":29,"column":4},"end":{"line":29,"column":60}},"5":{"start":{"line":33,"column":4},"end":{"line":33,"column":63}},"6":{"start":{"line":37,"column":4},"end":{"line":37,"column":47}}},"fnMap":{"0":{"name":"getAllActivities","decl":{"start":{"line":11,"column":9},"end":{"line":11,"column":25}},"loc":{"start":{"line":11,"column":27},"end":{"line":17,"column":1}},"line":11},"1":{"name":"getActivityById","decl":{"start":{"line":19,"column":9},"end":{"line":19,"column":24}},"loc":{"start":{"line":19,"column":28},"end":{"line":26,"column":1}},"line":19},"2":{"name":"addActivity","decl":{"start":{"line":28,"column":9},"end":{"line":28,"column":20}},"loc":{"start":{"line":28,"column":30},"end":{"line":30,"column":1}},"line":28},"3":{"name":"editActivity","decl":{"start":{"line":32,"column":9},"end":{"line":32,"column":21}},"loc":{"start":{"line":32,"column":34},"end":{"line":34,"column":1}},"line":32},"4":{"name":"deleteActivity","decl":{"start":{"line":36,"column":9},"end":{"line":36,"column":23}},"loc":{"start":{"line":36,"column":27},"end":{"line":38,"column":1}},"line":36}},"branchMap":{},"s":{"0":4,"1":4,"2":3,"3":15,"4":5,"5":3,"6":3},"f":{"0":3,"1":15,"2":5,"3":3,"4":3},"b":{},"_coverageSchema":"1a1c01bbd47fc00a2c39e90264f33305004495a9","hash":"cc8fe1cd62c0f34d566cb7cca8f6a5dcc2e61980"}
,"C:\\Users\\sjrei\\Documents\\lambda\\my-school\\My-School-BE\\activitylog\\activities-router.js": {"path":"C:\\Users\\sjrei\\Documents\\lambda\\my-school\\My-School-BE\\activitylog\\activities-router.js","statementMap":{"0":{"start":{"line":1,"column":16},"end":{"line":1,"column":34}},"1":{"start":{"line":2,"column":15},"end":{"line":2,"column":31}},"2":{"start":{"line":3,"column":20},"end":{"line":3,"column":52}},"3":{"start":{"line":4,"column":19},"end":{"line":4,"column":43}},"4":{"start":{"line":6,"column":0},"end":{"line":10,"column":2}},"5":{"start":{"line":12,"column":0},"end":{"line":12,"column":32}},"6":{"start":{"line":14,"column":0},"end":{"line":18,"column":3}},"7":{"start":{"line":15,"column":4},"end":{"line":17,"column":111}},"8":{"start":{"line":16,"column":23},"end":{"line":16,"column":54}},"9":{"start":{"line":17,"column":18},"end":{"line":17,"column":110}},"10":{"start":{"line":20,"column":0},"end":{"line":22,"column":3}},"11":{"start":{"line":21,"column":4},"end":{"line":21,"column":39}},"12":{"start":{"line":24,"column":0},"end":{"line":39,"column":3}},"13":{"start":{"line":25,"column":21},"end":{"line":25,"column":29}},"14":{"start":{"line":26,"column":4},"end":{"line":38,"column":113}},"15":{"start":{"line":28,"column":8},"end":{"line":36,"column":67}},"16":{"start":{"line":32,"column":12},"end":{"line":32,"column":42}},"17":{"start":{"line":34,"column":22},"end":{"line":34,"column":119}},"18":{"start":{"line":38,"column":18},"end":{"line":38,"column":112}},"19":{"start":{"line":41,"column":0},"end":{"line":57,"column":2}},"20":{"start":{"line":42,"column":17},"end":{"line":42,"column":32}},"21":{"start":{"line":43,"column":4},"end":{"line":56,"column":6}},"22":{"start":{"line":44,"column":8},"end":{"line":55,"column":10}},"23":{"start":{"line":49,"column":12},"end":{"line":51,"column":156}},"24":{"start":{"line":50,"column":30},"end":{"line":50,"column":60}},"25":{"start":{"line":51,"column":26},"end":{"line":51,"column":155}},"26":{"start":{"line":54,"column":10},"end":{"line":54,"column":111}},"27":{"start":{"line":59,"column":0},"end":{"line":77,"column":2}},"28":{"start":{"line":60,"column":19},"end":{"line":60,"column":29}},"29":{"start":{"line":61,"column":17},"end":{"line":61,"column":32}},"30":{"start":{"line":62,"column":4},"end":{"line":76,"column":6}},"31":{"start":{"line":63,"column":8},"end":{"line":75,"column":10}},"32":{"start":{"line":68,"column":12},"end":{"line":70,"column":147}},"33":{"start":{"line":69,"column":37},"end":{"line":69,"column":74}},"34":{"start":{"line":70,"column":26},"end":{"line":70,"column":146}},"35":{"start":{"line":73,"column":12},"end":{"line":73,"column":100}},"36":{"start":{"line":74,"column":10},"end":{"line":74,"column":142}},"37":{"start":{"line":79,"column":0},"end":{"line":89,"column":3}},"38":{"start":{"line":80,"column":19},"end":{"line":80,"column":29}},"39":{"start":{"line":81,"column":28},"end":{"line":81,"column":36}},"40":{"start":{"line":82,"column":4},"end":{"line":88,"column":136}},"41":{"start":{"line":84,"column":8},"end":{"line":86,"column":139}},"42":{"start":{"line":85,"column":26},"end":{"line":85,"column":56}},"43":{"start":{"line":86,"column":22},"end":{"line":86,"column":138}},"44":{"start":{"line":88,"column":18},"end":{"line":88,"column":135}},"45":{"start":{"line":91,"column":0},"end":{"line":95,"column":3}},"46":{"start":{"line":92,"column":4},"end":{"line":94,"column":151}},"47":{"start":{"line":93,"column":20},"end":{"line":93,"column":54}},"48":{"start":{"line":94,"column":18},"end":{"line":94,"column":150}},"49":{"start":{"line":98,"column":19},"end":{"line":98,"column":29}},"50":{"start":{"line":99,"column":4},"end":{"line":104,"column":149}},"51":{"start":{"line":101,"column":8},"end":{"line":101,"column":32}},"52":{"start":{"line":102,"column":8},"end":{"line":102,"column":117}},"53":{"start":{"line":104,"column":18},"end":{"line":104,"column":148}},"54":{"start":{"line":108,"column":21},"end":{"line":108,"column":29}},"55":{"start":{"line":109,"column":4},"end":{"line":109,"column":132}},"56":{"start":{"line":113,"column":21},"end":{"line":113,"column":29}},"57":{"start":{"line":114,"column":4},"end":{"line":118,"column":101}},"58":{"start":{"line":121,"column":0},"end":{"line":121,"column":24}}},"fnMap":{"0":{"name":"(anonymous_0)","decl":{"start":{"line":14,"column":16},"end":{"line":14,"column":17}},"loc":{"start":{"line":14,"column":27},"end":{"line":18,"column":1}},"line":14},"1":{"name":"(anonymous_1)","decl":{"start":{"line":16,"column":10},"end":{"line":16,"column":11}},"loc":{"start":{"line":16,"column":23},"end":{"line":16,"column":54}},"line":16},"2":{"name":"(anonymous_2)","decl":{"start":{"line":17,"column":11},"end":{"line":17,"column":12}},"loc":{"start":{"line":17,"column":18},"end":{"line":17,"column":110}},"line":17},"3":{"name":"(anonymous_3)","decl":{"start":{"line":20,"column":29},"end":{"line":20,"column":30}},"loc":{"start":{"line":20,"column":40},"end":{"line":22,"column":1}},"line":20},"4":{"name":"(anonymous_4)","decl":{"start":{"line":24,"column":35},"end":{"line":24,"column":36}},"loc":{"start":{"line":24,"column":46},"end":{"line":39,"column":1}},"line":24},"5":{"name":"(anonymous_5)","decl":{"start":{"line":27,"column":10},"end":{"line":27,"column":11}},"loc":{"start":{"line":27,"column":24},"end":{"line":37,"column":5}},"line":27},"6":{"name":"(anonymous_6)","decl":{"start":{"line":31,"column":14},"end":{"line":31,"column":15}},"loc":{"start":{"line":31,"column":26},"end":{"line":33,"column":9}},"line":31},"7":{"name":"(anonymous_7)","decl":{"start":{"line":34,"column":15},"end":{"line":34,"column":16}},"loc":{"start":{"line":34,"column":22},"end":{"line":34,"column":119}},"line":34},"8":{"name":"(anonymous_8)","decl":{"start":{"line":38,"column":11},"end":{"line":38,"column":12}},"loc":{"start":{"line":38,"column":18},"end":{"line":38,"column":112}},"line":38},"9":{"name":"(anonymous_9)","decl":{"start":{"line":41,"column":26},"end":{"line":41,"column":27}},"loc":{"start":{"line":41,"column":39},"end":{"line":57,"column":1}},"line":41},"10":{"name":"(anonymous_10)","decl":{"start":{"line":43,"column":50},"end":{"line":43,"column":51}},"loc":{"start":{"line":43,"column":65},"end":{"line":56,"column":5}},"line":43},"11":{"name":"(anonymous_11)","decl":{"start":{"line":48,"column":14},"end":{"line":48,"column":15}},"loc":{"start":{"line":48,"column":26},"end":{"line":52,"column":9}},"line":48},"12":{"name":"(anonymous_12)","decl":{"start":{"line":50,"column":18},"end":{"line":50,"column":19}},"loc":{"start":{"line":50,"column":30},"end":{"line":50,"column":60}},"line":50},"13":{"name":"(anonymous_13)","decl":{"start":{"line":51,"column":19},"end":{"line":51,"column":20}},"loc":{"start":{"line":51,"column":26},"end":{"line":51,"column":155}},"line":51},"14":{"name":"(anonymous_14)","decl":{"start":{"line":53,"column":15},"end":{"line":53,"column":16}},"loc":{"start":{"line":53,"column":22},"end":{"line":55,"column":9}},"line":53},"15":{"name":"(anonymous_15)","decl":{"start":{"line":59,"column":26},"end":{"line":59,"column":27}},"loc":{"start":{"line":59,"column":38},"end":{"line":77,"column":1}},"line":59},"16":{"name":"(anonymous_16)","decl":{"start":{"line":62,"column":50},"end":{"line":62,"column":51}},"loc":{"start":{"line":62,"column":65},"end":{"line":76,"column":5}},"line":62},"17":{"name":"(anonymous_17)","decl":{"start":{"line":67,"column":14},"end":{"line":67,"column":15}},"loc":{"start":{"line":67,"column":26},"end":{"line":71,"column":9}},"line":67},"18":{"name":"(anonymous_18)","decl":{"start":{"line":69,"column":18},"end":{"line":69,"column":19}},"loc":{"start":{"line":69,"column":37},"end":{"line":69,"column":74}},"line":69},"19":{"name":"(anonymous_19)","decl":{"start":{"line":70,"column":19},"end":{"line":70,"column":20}},"loc":{"start":{"line":70,"column":26},"end":{"line":70,"column":146}},"line":70},"20":{"name":"(anonymous_20)","decl":{"start":{"line":72,"column":15},"end":{"line":72,"column":16}},"loc":{"start":{"line":72,"column":22},"end":{"line":75,"column":9}},"line":72},"21":{"name":"(anonymous_21)","decl":{"start":{"line":79,"column":46},"end":{"line":79,"column":47}},"loc":{"start":{"line":79,"column":57},"end":{"line":89,"column":1}},"line":79},"22":{"name":"(anonymous_22)","decl":{"start":{"line":83,"column":10},"end":{"line":83,"column":11}},"loc":{"start":{"line":83,"column":20},"end":{"line":87,"column":5}},"line":83},"23":{"name":"(anonymous_23)","decl":{"start":{"line":85,"column":14},"end":{"line":85,"column":15}},"loc":{"start":{"line":85,"column":26},"end":{"line":85,"column":56}},"line":85},"24":{"name":"(anonymous_24)","decl":{"start":{"line":86,"column":15},"end":{"line":86,"column":16}},"loc":{"start":{"line":86,"column":22},"end":{"line":86,"column":138}},"line":86},"25":{"name":"(anonymous_25)","decl":{"start":{"line":88,"column":11},"end":{"line":88,"column":12}},"loc":{"start":{"line":88,"column":18},"end":{"line":88,"column":135}},"line":88},"26":{"name":"(anonymous_26)","decl":{"start":{"line":91,"column":31},"end":{"line":91,"column":32}},"loc":{"start":{"line":91,"column":42},"end":{"line":95,"column":1}},"line":91},"27":{"name":"(anonymous_27)","decl":{"start":{"line":93,"column":10},"end":{"line":93,"column":11}},"loc":{"start":{"line":93,"column":20},"end":{"line":93,"column":54}},"line":93},"28":{"name":"(anonymous_28)","decl":{"start":{"line":94,"column":11},"end":{"line":94,"column":12}},"loc":{"start":{"line":94,"column":18},"end":{"line":94,"column":150}},"line":94},"29":{"name":"verifyId","decl":{"start":{"line":97,"column":9},"end":{"line":97,"column":17}},"loc":{"start":{"line":97,"column":31},"end":{"line":105,"column":1}},"line":97},"30":{"name":"(anonymous_30)","decl":{"start":{"line":100,"column":10},"end":{"line":100,"column":11}},"loc":{"start":{"line":100,"column":22},"end":{"line":103,"column":5}},"line":100},"31":{"name":"(anonymous_31)","decl":{"start":{"line":104,"column":11},"end":{"line":104,"column":12}},"loc":{"start":{"line":104,"column":18},"end":{"line":104,"column":148}},"line":104},"32":{"name":"verifyBodyForPost","decl":{"start":{"line":107,"column":9},"end":{"line":107,"column":26}},"loc":{"start":{"line":107,"column":40},"end":{"line":110,"column":1}},"line":107},"33":{"name":"verifyBodyForPut","decl":{"start":{"line":112,"column":9},"end":{"line":112,"column":25}},"loc":{"start":{"line":112,"column":39},"end":{"line":119,"column":1}},"line":112}},"branchMap":{"0":{"loc":{"start":{"line":28,"column":8},"end":{"line":36,"column":67}},"type":"cond-expr","locations":[{"start":{"line":30,"column":8},"end":{"line":34,"column":120}},{"start":{"line":36,"column":8},"end":{"line":36,"column":67}}],"line":28},"1":{"loc":{"start":{"line":102,"column":8},"end":{"line":102,"column":117}},"type":"cond-expr","locations":[{"start":{"line":102,"column":19},"end":{"line":102,"column":25}},{"start":{"line":102,"column":28},"end":{"line":102,"column":117}}],"line":102},"2":{"loc":{"start":{"line":109,"column":4},"end":{"line":109,"column":132}},"type":"cond-expr","locations":[{"start":{"line":109,"column":20},"end":{"line":109,"column":26}},{"start":{"line":109,"column":29},"end":{"line":109,"column":132}}],"line":109},"3":{"loc":{"start":{"line":114,"column":4},"end":{"line":118,"column":101}},"type":"cond-expr","locations":[{"start":{"line":116,"column":4},"end":{"line":116,"column":10}},{"start":{"line":118,"column":4},"end":{"line":118,"column":101}}],"line":114},"4":{"loc":{"start":{"line":114,"column":4},"end":{"line":114,"column":152}},"type":"binary-expr","locations":[{"start":{"line":114,"column":4},"end":{"line":114,"column":39}},{"start":{"line":114,"column":43},"end":{"line":114,"column":56}},{"start":{"line":114,"column":60},"end":{"line":114,"column":80}},{"start":{"line":114,"column":84},"end":{"line":114,"column":101}},{"start":{"line":114,"column":105},"end":{"line":114,"column":129}},{"start":{"line":114,"column":133},"end":{"line":114,"column":152}}],"line":114}},"s":{"0":4,"1":4,"2":4,"3":4,"4":4,"5":4,"6":4,"7":2,"8":2,"9":0,"10":4,"11":3,"12":4,"13":4,"14":4,"15":4,"16":4,"17":0,"18":0,"19":4,"20":0,"21":0,"22":0,"23":0,"24":0,"25":0,"26":0,"27":4,"28":2,"29":2,"30":1,"31":1,"32":1,"33":1,"34":0,"35":0,"36":0,"37":4,"38":1,"39":1,"40":1,"41":1,"42":1,"43":0,"44":0,"45":4,"46":2,"47":2,"48":0,"49":6,"50":6,"51":6,"52":6,"53":0,"54":4,"55":4,"56":1,"57":1,"58":4},"f":{"0":2,"1":2,"2":0,"3":3,"4":4,"5":4,"6":4,"7":0,"8":0,"9":0,"10":0,"11":0,"12":0,"13":0,"14":0,"15":2,"16":1,"17":1,"18":1,"19":0,"20":0,"21":1,"22":1,"23":1,"24":0,"25":0,"26":2,"27":2,"28":0,"29":6,"30":6,"31":0,"32":4,"33":1},"b":{"0":[4,0],"1":[6,0],"2":[4,0],"3":[1,0],"4":[1,1,0,0,0,0]},"_coverageSchema":"1a1c01bbd47fc00a2c39e90264f33305004495a9","hash":"c2c549958384d58e7d293a635a6738c2e366b013"}
,"C:\\Users\\sjrei\\Documents\\lambda\\my-school\\My-School-BE\\api\\server.js": {"path":"C:\\Users\\sjrei\\Documents\\lambda\\my-school\\My-School-BE\\api\\server.js","statementMap":{"0":{"start":{"line":1,"column":16},"end":{"line":1,"column":34}},"1":{"start":{"line":2,"column":15},"end":{"line":2,"column":32}},"2":{"start":{"line":3,"column":13},"end":{"line":3,"column":28}},"3":{"start":{"line":4,"column":15},"end":{"line":4,"column":24}},"4":{"start":{"line":5,"column":26},"end":{"line":5,"column":72}},"5":{"start":{"line":6,"column":23},"end":{"line":6,"column":64}},"6":{"start":{"line":7,"column":23},"end":{"line":7,"column":64}},"7":{"start":{"line":8,"column":20},"end":{"line":8,"column":55}},"8":{"start":{"line":9,"column":26},"end":{"line":9,"column":55}},"9":{"start":{"line":11,"column":0},"end":{"line":13,"column":4}},"10":{"start":{"line":14,"column":0},"end":{"line":14,"column":19}},"11":{"start":{"line":15,"column":0},"end":{"line":15,"column":21}},"12":{"start":{"line":16,"column":0},"end":{"line":16,"column":27}},"13":{"start":{"line":17,"column":0},"end":{"line":17,"column":49}},"14":{"start":{"line":18,"column":0},"end":{"line":18,"column":44}},"15":{"start":{"line":19,"column":0},"end":{"line":19,"column":44}},"16":{"start":{"line":20,"column":0},"end":{"line":20,"column":38}},"17":{"start":{"line":22,"column":0},"end":{"line":22,"column":24}}},"fnMap":{},"branchMap":{},"s":{"0":4,"1":4,"2":4,"3":4,"4":4,"5":4,"6":4,"7":4,"8":4,"9":4,"10":4,"11":4,"12":4,"13":4,"14":4,"15":4,"16":4,"17":4},"f":{},"b":{},"_coverageSchema":"1a1c01bbd47fc00a2c39e90264f33305004495a9","hash":"e457e7e800257530a1d28a6839843a2453e20863"}
,"C:\\Users\\sjrei\\Documents\\lambda\\my-school\\My-School-BE\\auth\\auth-router.js": {"path":"C:\\Users\\sjrei\\Documents\\lambda\\my-school\\My-School-BE\\auth\\auth-router.js","statementMap":{"0":{"start":{"line":1,"column":15},"end":{"line":1,"column":42}},"1":{"start":{"line":2,"column":15},"end":{"line":2,"column":34}},"2":{"start":{"line":3,"column":12},"end":{"line":3,"column":35}},"3":{"start":{"line":4,"column":22},"end":{"line":4,"column":58}},"4":{"start":{"line":5,"column":14},"end":{"line":5,"column":48}},"5":{"start":{"line":7,"column":0},"end":{"line":19,"column":3}},"6":{"start":{"line":8,"column":15},"end":{"line":8,"column":23}},"7":{"start":{"line":9,"column":15},"end":{"line":9,"column":49}},"8":{"start":{"line":10,"column":2},"end":{"line":10,"column":23}},"9":{"start":{"line":11,"column":2},"end":{"line":18,"column":4}},"10":{"start":{"line":13,"column":18},"end":{"line":13,"column":37}},"11":{"start":{"line":14,"column":4},"end":{"line":14,"column":39}},"12":{"start":{"line":17,"column":4},"end":{"line":17,"column":53}},"13":{"start":{"line":22,"column":0},"end":{"line":26,"column":3}},"14":{"start":{"line":23,"column":31},"end":{"line":23,"column":39}},"15":{"start":{"line":24,"column":2},"end":{"line":24,"column":21}},"16":{"start":{"line":29,"column":0},"end":{"line":29,"column":24}}},"fnMap":{"0":{"name":"(anonymous_0)","decl":{"start":{"line":7,"column":29},"end":{"line":7,"column":30}},"loc":{"start":{"line":7,"column":43},"end":{"line":19,"column":1}},"line":7},"1":{"name":"(anonymous_1)","decl":{"start":{"line":12,"column":8},"end":{"line":12,"column":9}},"loc":{"start":{"line":12,"column":18},"end":{"line":15,"column":3}},"line":12},"2":{"name":"(anonymous_2)","decl":{"start":{"line":16,"column":9},"end":{"line":16,"column":10}},"loc":{"start":{"line":16,"column":18},"end":{"line":18,"column":3}},"line":16},"3":{"name":"(anonymous_3)","decl":{"start":{"line":22,"column":22},"end":{"line":22,"column":23}},"loc":{"start":{"line":22,"column":36},"end":{"line":26,"column":1}},"line":22}},"branchMap":{},"s":{"0":0,"1":0,"2":0,"3":0,"4":0,"5":0,"6":0,"7":0,"8":0,"9":0,"10":0,"11":0,"12":0,"13":0,"14":0,"15":0,"16":0},"f":{"0":0,"1":0,"2":0,"3":0},"b":{}}
,"C:\\Users\\sjrei\\Documents\\lambda\\my-school\\My-School-BE\\auth\\authenticator.js": {"path":"C:\\Users\\sjrei\\Documents\\lambda\\my-school\\My-School-BE\\auth\\authenticator.js","statementMap":{"0":{"start":{"line":1,"column":12},"end":{"line":1,"column":35}},"1":{"start":{"line":3,"column":0},"end":{"line":20,"column":2}},"2":{"start":{"line":4,"column":16},"end":{"line":4,"column":41}},"3":{"start":{"line":6,"column":17},"end":{"line":6,"column":46}},"4":{"start":{"line":8,"column":2},"end":{"line":19,"column":3}},"5":{"start":{"line":9,"column":4},"end":{"line":16,"column":7}},"6":{"start":{"line":10,"column":6},"end":{"line":15,"column":7}},"7":{"start":{"line":11,"column":8},"end":{"line":11,"column":55}},"8":{"start":{"line":13,"column":8},"end":{"line":13,"column":40}},"9":{"start":{"line":14,"column":8},"end":{"line":14,"column":15}},"10":{"start":{"line":18,"column":4},"end":{"line":18,"column":66}}},"fnMap":{"0":{"name":"(anonymous_0)","decl":{"start":{"line":3,"column":17},"end":{"line":3,"column":18}},"loc":{"start":{"line":3,"column":37},"end":{"line":20,"column":1}},"line":3},"1":{"name":"(anonymous_1)","decl":{"start":{"line":9,"column":30},"end":{"line":9,"column":31}},"loc":{"start":{"line":9,"column":55},"end":{"line":16,"column":5}},"line":9}},"branchMap":{"0":{"loc":{"start":{"line":6,"column":17},"end":{"line":6,"column":46}},"type":"binary-expr","locations":[{"start":{"line":6,"column":17},"end":{"line":6,"column":37}},{"start":{"line":6,"column":41},"end":{"line":6,"column":46}}],"line":6},"1":{"loc":{"start":{"line":8,"column":2},"end":{"line":19,"column":3}},"type":"if","locations":[{"start":{"line":8,"column":2},"end":{"line":19,"column":3}},{"start":{"line":8,"column":2},"end":{"line":19,"column":3}}],"line":8},"2":{"loc":{"start":{"line":10,"column":6},"end":{"line":15,"column":7}},"type":"if","locations":[{"start":{"line":10,"column":6},"end":{"line":15,"column":7}},{"start":{"line":10,"column":6},"end":{"line":15,"column":7}}],"line":10}},"s":{"0":0,"1":0,"2":0,"3":0,"4":0,"5":0,"6":0,"7":0,"8":0,"9":0,"10":0},"f":{"0":0,"1":0},"b":{"0":[0,0],"1":[0,0],"2":[0,0]}}
,"C:\\Users\\sjrei\\Documents\\lambda\\my-school\\My-School-BE\\data\\dbconfig.js": {"path":"C:\\Users\\sjrei\\Documents\\lambda\\my-school\\My-School-BE\\data\\dbconfig.js","statementMap":{"0":{"start":{"line":1,"column":0},"end":{"line":1,"column":27}},"1":{"start":{"line":2,"column":13},"end":{"line":2,"column":28}},"2":{"start":{"line":4,"column":15},"end":{"line":4,"column":40}},"3":{"start":{"line":6,"column":14},"end":{"line":6,"column":49}},"4":{"start":{"line":8,"column":0},"end":{"line":8,"column":36}}},"fnMap":{},"branchMap":{"0":{"loc":{"start":{"line":6,"column":14},"end":{"line":6,"column":49}},"type":"binary-expr","locations":[{"start":{"line":6,"column":14},"end":{"line":6,"column":32}},{"start":{"line":6,"column":36},"end":{"line":6,"column":49}}],"line":6}},"s":{"0":4,"1":4,"2":4,"3":4,"4":4},"f":{},"b":{"0":[4,0]},"_coverageSchema":"1a1c01bbd47fc00a2c39e90264f33305004495a9","hash":"2d9fa23588c2d14fd5ae9695b0d87803dd8b7c30"}
,"C:\\Users\\sjrei\\Documents\\lambda\\my-school\\My-School-BE\\data\\migrations\\20200513134144_families-table.js": {"path":"C:\\Users\\sjrei\\Documents\\lambda\\my-school\\My-School-BE\\data\\migrations\\20200513134144_families-table.js","statementMap":{"0":{"start":{"line":1,"column":0},"end":{"line":6,"column":2}},"1":{"start":{"line":2,"column":2},"end":{"line":5,"column":5}},"2":{"start":{"line":3,"column":4},"end":{"line":3,"column":21}},"3":{"start":{"line":4,"column":4},"end":{"line":4,"column":37}},"4":{"start":{"line":8,"column":0},"end":{"line":10,"column":2}},"5":{"start":{"line":9,"column":2},"end":{"line":9,"column":51}}},"fnMap":{"0":{"name":"(anonymous_0)","decl":{"start":{"line":1,"column":13},"end":{"line":1,"column":14}},"loc":{"start":{"line":1,"column":29},"end":{"line":6,"column":1}},"line":1},"1":{"name":"(anonymous_1)","decl":{"start":{"line":2,"column":45},"end":{"line":2,"column":46}},"loc":{"start":{"line":2,"column":54},"end":{"line":5,"column":3}},"line":2},"2":{"name":"(anonymous_2)","decl":{"start":{"line":8,"column":15},"end":{"line":8,"column":16}},"loc":{"start":{"line":8,"column":31},"end":{"line":10,"column":1}},"line":8}},"branchMap":{},"s":{"0":0,"1":0,"2":0,"3":0,"4":0,"5":0},"f":{"0":0,"1":0,"2":0},"b":{}}
,"C:\\Users\\sjrei\\Documents\\lambda\\my-school\\My-School-BE\\data\\migrations\\20200513134204_user_types-table.js": {"path":"C:\\Users\\sjrei\\Documents\\lambda\\my-school\\My-School-BE\\data\\migrations\\20200513134204_user_types-table.js","statementMap":{"0":{"start":{"line":1,"column":0},"end":{"line":6,"column":2}},"1":{"start":{"line":2,"column":2},"end":{"line":5,"column":5}},"2":{"start":{"line":3,"column":4},"end":{"line":3,"column":21}},"3":{"start":{"line":4,"column":4},"end":{"line":4,"column":37}},"4":{"start":{"line":8,"column":0},"end":{"line":10,"column":2}},"5":{"start":{"line":9,"column":2},"end":{"line":9,"column":53}}},"fnMap":{"0":{"name":"(anonymous_0)","decl":{"start":{"line":1,"column":13},"end":{"line":1,"column":14}},"loc":{"start":{"line":1,"column":29},"end":{"line":6,"column":1}},"line":1},"1":{"name":"(anonymous_1)","decl":{"start":{"line":2,"column":47},"end":{"line":2,"column":48}},"loc":{"start":{"line":2,"column":56},"end":{"line":5,"column":3}},"line":2},"2":{"name":"(anonymous_2)","decl":{"start":{"line":8,"column":15},"end":{"line":8,"column":16}},"loc":{"start":{"line":8,"column":31},"end":{"line":10,"column":1}},"line":8}},"branchMap":{},"s":{"0":0,"1":0,"2":0,"3":0,"4":0,"5":0},"f":{"0":0,"1":0,"2":0},"b":{}}
,"C:\\Users\\sjrei\\Documents\\lambda\\my-school\\My-School-BE\\data\\migrations\\20200513134211_users-table.js": {"path":"C:\\Users\\sjrei\\Documents\\lambda\\my-school\\My-School-BE\\data\\migrations\\20200513134211_users-table.js","statementMap":{"0":{"start":{"line":1,"column":0},"end":{"line":12,"column":2}},"1":{"start":{"line":2,"column":2},"end":{"line":11,"column":5}},"2":{"start":{"line":3,"column":4},"end":{"line":3,"column":21}},"3":{"start":{"line":4,"column":4},"end":{"line":4,"column":23}},"4":{"start":{"line":5,"column":4},"end":{"line":5,"column":41}},"5":{"start":{"line":6,"column":4},"end":{"line":6,"column":41}},"6":{"start":{"line":7,"column":4},"end":{"line":7,"column":24}},"7":{"start":{"line":8,"column":4},"end":{"line":8,"column":34}},"8":{"start":{"line":9,"column":4},"end":{"line":9,"column":106}},"9":{"start":{"line":10,"column":4},"end":{"line":10,"column":111}},"10":{"start":{"line":14,"column":0},"end":{"line":16,"column":2}},"11":{"start":{"line":15,"column":2},"end":{"line":15,"column":48}}},"fnMap":{"0":{"name":"(anonymous_0)","decl":{"start":{"line":1,"column":13},"end":{"line":1,"column":14}},"loc":{"start":{"line":1,"column":29},"end":{"line":12,"column":1}},"line":1},"1":{"name":"(anonymous_1)","decl":{"start":{"line":2,"column":42},"end":{"line":2,"column":43}},"loc":{"start":{"line":2,"column":51},"end":{"line":11,"column":3}},"line":2},"2":{"name":"(anonymous_2)","decl":{"start":{"line":14,"column":15},"end":{"line":14,"column":16}},"loc":{"start":{"line":14,"column":31},"end":{"line":16,"column":1}},"line":14}},"branchMap":{},"s":{"0":0,"1":0,"2":0,"3":0,"4":0,"5":0,"6":0,"7":0,"8":0,"9":0,"10":0,"11":0},"f":{"0":0,"1":0,"2":0},"b":{}}
,"C:\\Users\\sjrei\\Documents\\lambda\\my-school\\My-School-BE\\data\\migrations\\20200513134221_subjects-table.js": {"path":"C:\\Users\\sjrei\\Documents\\lambda\\my-school\\My-School-BE\\data\\migrations\\20200513134221_subjects-table.js","statementMap":{"0":{"start":{"line":1,"column":0},"end":{"line":6,"column":2}},"1":{"start":{"line":2,"column":2},"end":{"line":5,"column":5}},"2":{"start":{"line":3,"column":4},"end":{"line":3,"column":21}},"3":{"start":{"line":4,"column":4},"end":{"line":4,"column":37}},"4":{"start":{"line":8,"column":0},"end":{"line":10,"column":2}},"5":{"start":{"line":9,"column":2},"end":{"line":9,"column":51}}},"fnMap":{"0":{"name":"(anonymous_0)","decl":{"start":{"line":1,"column":13},"end":{"line":1,"column":14}},"loc":{"start":{"line":1,"column":29},"end":{"line":6,"column":1}},"line":1},"1":{"name":"(anonymous_1)","decl":{"start":{"line":2,"column":45},"end":{"line":2,"column":46}},"loc":{"start":{"line":2,"column":54},"end":{"line":5,"column":3}},"line":2},"2":{"name":"(anonymous_2)","decl":{"start":{"line":8,"column":15},"end":{"line":8,"column":16}},"loc":{"start":{"line":8,"column":31},"end":{"line":10,"column":1}},"line":8}},"branchMap":{},"s":{"0":0,"1":0,"2":0,"3":0,"4":0,"5":0},"f":{"0":0,"1":0,"2":0},"b":{}}
,"C:\\Users\\sjrei\\Documents\\lambda\\my-school\\My-School-BE\\data\\migrations\\20200513134229_activity_types-table.js": {"path":"C:\\Users\\sjrei\\Documents\\lambda\\my-school\\My-School-BE\\data\\migrations\\20200513134229_activity_types-table.js","statementMap":{"0":{"start":{"line":1,"column":0},"end":{"line":6,"column":2}},"1":{"start":{"line":2,"column":2},"end":{"line":5,"column":5}},"2":{"start":{"line":3,"column":4},"end":{"line":3,"column":21}},"3":{"start":{"line":4,"column":4},"end":{"line":4,"column":37}},"4":{"start":{"line":8,"column":0},"end":{"line":10,"column":2}},"5":{"start":{"line":9,"column":2},"end":{"line":9,"column":57}}},"fnMap":{"0":{"name":"(anonymous_0)","decl":{"start":{"line":1,"column":13},"end":{"line":1,"column":14}},"loc":{"start":{"line":1,"column":29},"end":{"line":6,"column":1}},"line":1},"1":{"name":"(anonymous_1)","decl":{"start":{"line":2,"column":51},"end":{"line":2,"column":52}},"loc":{"start":{"line":2,"column":60},"end":{"line":5,"column":3}},"line":2},"2":{"name":"(anonymous_2)","decl":{"start":{"line":8,"column":15},"end":{"line":8,"column":16}},"loc":{"start":{"line":8,"column":31},"end":{"line":10,"column":1}},"line":8}},"branchMap":{},"s":{"0":0,"1":0,"2":0,"3":0,"4":0,"5":0},"f":{"0":0,"1":0,"2":0},"b":{}}
,"C:\\Users\\sjrei\\Documents\\lambda\\my-school\\My-School-BE\\data\\migrations\\20200513134242_activities-table.js": {"path":"C:\\Users\\sjrei\\Documents\\lambda\\my-school\\My-School-BE\\data\\migrations\\20200513134242_activities-table.js","statementMap":{"0":{"start":{"line":1,"column":0},"end":{"line":14,"column":2}},"1":{"start":{"line":2,"column":2},"end":{"line":13,"column":5}},"2":{"start":{"line":3,"column":4},"end":{"line":3,"column":21}},"3":{"start":{"line":4,"column":4},"end":{"line":4,"column":37}},"4":{"start":{"line":5,"column":4},"end":{"line":5,"column":28}},"5":{"start":{"line":6,"column":4},"end":{"line":6,"column":24}},"6":{"start":{"line":7,"column":4},"end":{"line":7,"column":57}},"7":{"start":{"line":8,"column":4},"end":{"line":8,"column":28}},"8":{"start":{"line":9,"column":4},"end":{"line":9,"column":62}},"9":{"start":{"line":10,"column":4},"end":{"line":10,"column":104}},"10":{"start":{"line":11,"column":4},"end":{"line":11,"column":107}},"11":{"start":{"line":12,"column":4},"end":{"line":12,"column":119}},"12":{"start":{"line":16,"column":0},"end":{"line":18,"column":2}},"13":{"start":{"line":17,"column":2},"end":{"line":17,"column":53}}},"fnMap":{"0":{"name":"(anonymous_0)","decl":{"start":{"line":1,"column":13},"end":{"line":1,"column":14}},"loc":{"start":{"line":1,"column":29},"end":{"line":14,"column":1}},"line":1},"1":{"name":"(anonymous_1)","decl":{"start":{"line":2,"column":47},"end":{"line":2,"column":48}},"loc":{"start":{"line":2,"column":56},"end":{"line":13,"column":3}},"line":2},"2":{"name":"(anonymous_2)","decl":{"start":{"line":16,"column":15},"end":{"line":16,"column":16}},"loc":{"start":{"line":16,"column":31},"end":{"line":18,"column":1}},"line":16}},"branchMap":{},"s":{"0":0,"1":0,"2":0,"3":0,"4":0,"5":0,"6":0,"7":0,"8":0,"9":0,"10":0,"11":0,"12":0,"13":0},"f":{"0":0,"1":0,"2":0},"b":{}}
,"C:\\Users\\sjrei\\Documents\\lambda\\my-school\\My-School-BE\\data\\seeds\\01-families.js": {"path":"C:\\Users\\sjrei\\Documents\\lambda\\my-school\\My-School-BE\\data\\seeds\\01-families.js","statementMap":{"0":{"start":{"line":1,"column":0},"end":{"line":13,"column":2}},"1":{"start":{"line":3,"column":2},"end":{"line":12,"column":7}},"2":{"start":{"line":7,"column":6},"end":{"line":11,"column":9}}},"fnMap":{"0":{"name":"(anonymous_0)","decl":{"start":{"line":1,"column":15},"end":{"line":1,"column":16}},"loc":{"start":{"line":1,"column":31},"end":{"line":13,"column":1}},"line":1},"1":{"name":"(anonymous_1)","decl":{"start":{"line":5,"column":10},"end":{"line":5,"column":11}},"loc":{"start":{"line":5,"column":22},"end":{"line":12,"column":5}},"line":5}},"branchMap":{},"s":{"0":0,"1":0,"2":0},"f":{"0":0,"1":0},"b":{}}
,"C:\\Users\\sjrei\\Documents\\lambda\\my-school\\My-School-BE\\data\\seeds\\02-user_types.js": {"path":"C:\\Users\\sjrei\\Documents\\lambda\\my-school\\My-School-BE\\data\\seeds\\02-user_types.js","statementMap":{"0":{"start":{"line":1,"column":0},"end":{"line":12,"column":2}},"1":{"start":{"line":3,"column":2},"end":{"line":11,"column":7}},"2":{"start":{"line":7,"column":6},"end":{"line":10,"column":9}}},"fnMap":{"0":{"name":"(anonymous_0)","decl":{"start":{"line":1,"column":15},"end":{"line":1,"column":16}},"loc":{"start":{"line":1,"column":31},"end":{"line":12,"column":1}},"line":1},"1":{"name":"(anonymous_1)","decl":{"start":{"line":5,"column":10},"end":{"line":5,"column":11}},"loc":{"start":{"line":5,"column":22},"end":{"line":11,"column":5}},"line":5}},"branchMap":{},"s":{"0":0,"1":0,"2":0},"f":{"0":0,"1":0},"b":{}}
,"C:\\Users\\sjrei\\Documents\\lambda\\my-school\\My-School-BE\\data\\seeds\\03-users.js": {"path":"C:\\Users\\sjrei\\Documents\\lambda\\my-school\\My-School-BE\\data\\seeds\\03-users.js","statementMap":{"0":{"start":{"line":1,"column":0},"end":{"line":34,"column":2}},"1":{"start":{"line":3,"column":2},"end":{"line":33,"column":7}},"2":{"start":{"line":7,"column":6},"end":{"line":32,"column":9}}},"fnMap":{"0":{"name":"(anonymous_0)","decl":{"start":{"line":1,"column":15},"end":{"line":1,"column":16}},"loc":{"start":{"line":1,"column":31},"end":{"line":34,"column":1}},"line":1},"1":{"name":"(anonymous_1)","decl":{"start":{"line":5,"column":10},"end":{"line":5,"column":11}},"loc":{"start":{"line":5,"column":22},"end":{"line":33,"column":5}},"line":5}},"branchMap":{},"s":{"0":0,"1":0,"2":0},"f":{"0":0,"1":0},"b":{}}
,"C:\\Users\\sjrei\\Documents\\lambda\\my-school\\My-School-BE\\data\\seeds\\04-subjects.js": {"path":"C:\\Users\\sjrei\\Documents\\lambda\\my-school\\My-School-BE\\data\\seeds\\04-subjects.js","statementMap":{"0":{"start":{"line":1,"column":0},"end":{"line":19,"column":2}},"1":{"start":{"line":3,"column":2},"end":{"line":18,"column":7}},"2":{"start":{"line":7,"column":6},"end":{"line":17,"column":9}}},"fnMap":{"0":{"name":"(anonymous_0)","decl":{"start":{"line":1,"column":15},"end":{"line":1,"column":16}},"loc":{"start":{"line":1,"column":31},"end":{"line":19,"column":1}},"line":1},"1":{"name":"(anonymous_1)","decl":{"start":{"line":5,"column":10},"end":{"line":5,"column":11}},"loc":{"start":{"line":5,"column":22},"end":{"line":18,"column":5}},"line":5}},"branchMap":{},"s":{"0":0,"1":0,"2":0},"f":{"0":0,"1":0},"b":{}}
,"C:\\Users\\sjrei\\Documents\\lambda\\my-school\\My-School-BE\\data\\seeds\\05-activity_types.js": {"path":"C:\\Users\\sjrei\\Documents\\lambda\\my-school\\My-School-BE\\data\\seeds\\05-activity_types.js","statementMap":{"0":{"start":{"line":1,"column":0},"end":{"line":14,"column":2}},"1":{"start":{"line":3,"column":2},"end":{"line":13,"column":7}},"2":{"start":{"line":7,"column":6},"end":{"line":12,"column":9}}},"fnMap":{"0":{"name":"(anonymous_0)","decl":{"start":{"line":1,"column":15},"end":{"line":1,"column":16}},"loc":{"start":{"line":1,"column":31},"end":{"line":14,"column":1}},"line":1},"1":{"name":"(anonymous_1)","decl":{"start":{"line":5,"column":10},"end":{"line":5,"column":11}},"loc":{"start":{"line":5,"column":22},"end":{"line":13,"column":5}},"line":5}},"branchMap":{},"s":{"0":0,"1":0,"2":0},"f":{"0":0,"1":0},"b":{}}
,"C:\\Users\\sjrei\\Documents\\lambda\\my-school\\My-School-BE\\data\\seeds\\06-activities.js": {"path":"C:\\Users\\sjrei\\Documents\\lambda\\my-school\\My-School-BE\\data\\seeds\\06-activities.js","statementMap":{"0":{"start":{"line":1,"column":0},"end":{"line":64,"column":2}},"1":{"start":{"line":3,"column":2},"end":{"line":63,"column":7}},"2":{"start":{"line":7,"column":6},"end":{"line":62,"column":9}}},"fnMap":{"0":{"name":"(anonymous_0)","decl":{"start":{"line":1,"column":15},"end":{"line":1,"column":16}},"loc":{"start":{"line":1,"column":31},"end":{"line":64,"column":1}},"line":1},"1":{"name":"(anonymous_1)","decl":{"start":{"line":5,"column":10},"end":{"line":5,"column":11}},"loc":{"start":{"line":5,"column":22},"end":{"line":63,"column":5}},"line":5}},"branchMap":{},"s":{"0":0,"1":0,"2":0},"f":{"0":0,"1":0},"b":{}}
,"C:\\Users\\sjrei\\Documents\\lambda\\my-school\\My-School-BE\\data\\testSeeds\\01-families.js": {"path":"C:\\Users\\sjrei\\Documents\\lambda\\my-school\\My-School-BE\\data\\testSeeds\\01-families.js","statementMap":{"0":{"start":{"line":1,"column":0},"end":{"line":13,"column":2}},"1":{"start":{"line":3,"column":2},"end":{"line":12,"column":7}},"2":{"start":{"line":7,"column":6},"end":{"line":11,"column":9}}},"fnMap":{"0":{"name":"(anonymous_0)","decl":{"start":{"line":1,"column":15},"end":{"line":1,"column":16}},"loc":{"start":{"line":1,"column":31},"end":{"line":13,"column":1}},"line":1},"1":{"name":"(anonymous_1)","decl":{"start":{"line":5,"column":10},"end":{"line":5,"column":11}},"loc":{"start":{"line":5,"column":22},"end":{"line":12,"column":5}},"line":5}},"branchMap":{},"s":{"0":4,"1":8,"2":8},"f":{"0":8,"1":8},"b":{},"_coverageSchema":"1a1c01bbd47fc00a2c39e90264f33305004495a9","hash":"ec274c0d81d2214d41b865bb21b01eb32a1fcb19"}
,"C:\\Users\\sjrei\\Documents\\lambda\\my-school\\My-School-BE\\data\\testSeeds\\02-user_types.js": {"path":"C:\\Users\\sjrei\\Documents\\lambda\\my-school\\My-School-BE\\data\\testSeeds\\02-user_types.js","statementMap":{"0":{"start":{"line":1,"column":0},"end":{"line":12,"column":2}},"1":{"start":{"line":3,"column":2},"end":{"line":11,"column":7}},"2":{"start":{"line":7,"column":6},"end":{"line":10,"column":9}}},"fnMap":{"0":{"name":"(anonymous_0)","decl":{"start":{"line":1,"column":15},"end":{"line":1,"column":16}},"loc":{"start":{"line":1,"column":31},"end":{"line":12,"column":1}},"line":1},"1":{"name":"(anonymous_1)","decl":{"start":{"line":5,"column":10},"end":{"line":5,"column":11}},"loc":{"start":{"line":5,"column":22},"end":{"line":11,"column":5}},"line":5}},"branchMap":{},"s":{"0":4,"1":8,"2":8},"f":{"0":8,"1":8},"b":{},"_coverageSchema":"1a1c01bbd47fc00a2c39e90264f33305004495a9","hash":"c54951c63ebc67b559ac30f415454eef9f2193d2"}
,"C:\\Users\\sjrei\\Documents\\lambda\\my-school\\My-School-BE\\data\\testSeeds\\03-users.js": {"path":"C:\\Users\\sjrei\\Documents\\lambda\\my-school\\My-School-BE\\data\\testSeeds\\03-users.js","statementMap":{"0":{"start":{"line":1,"column":0},"end":{"line":34,"column":2}},"1":{"start":{"line":3,"column":2},"end":{"line":33,"column":7}},"2":{"start":{"line":7,"column":6},"end":{"line":32,"column":9}}},"fnMap":{"0":{"name":"(anonymous_0)","decl":{"start":{"line":1,"column":15},"end":{"line":1,"column":16}},"loc":{"start":{"line":1,"column":31},"end":{"line":34,"column":1}},"line":1},"1":{"name":"(anonymous_1)","decl":{"start":{"line":5,"column":10},"end":{"line":5,"column":11}},"loc":{"start":{"line":5,"column":22},"end":{"line":33,"column":5}},"line":5}},"branchMap":{},"s":{"0":4,"1":8,"2":8},"f":{"0":8,"1":8},"b":{},"_coverageSchema":"1a1c01bbd47fc00a2c39e90264f33305004495a9","hash":"6928f9ab348c15a7ab93f50cb42c97204a287fe6"}
,"C:\\Users\\sjrei\\Documents\\lambda\\my-school\\My-School-BE\\data\\testSeeds\\04-subjects.js": {"path":"C:\\Users\\sjrei\\Documents\\lambda\\my-school\\My-School-BE\\data\\testSeeds\\04-subjects.js","statementMap":{"0":{"start":{"line":1,"column":0},"end":{"line":19,"column":2}},"1":{"start":{"line":3,"column":2},"end":{"line":18,"column":7}},"2":{"start":{"line":7,"column":6},"end":{"line":17,"column":9}}},"fnMap":{"0":{"name":"(anonymous_0)","decl":{"start":{"line":1,"column":15},"end":{"line":1,"column":16}},"loc":{"start":{"line":1,"column":31},"end":{"line":19,"column":1}},"line":1},"1":{"name":"(anonymous_1)","decl":{"start":{"line":5,"column":10},"end":{"line":5,"column":11}},"loc":{"start":{"line":5,"column":22},"end":{"line":18,"column":5}},"line":5}},"branchMap":{},"s":{"0":4,"1":8,"2":8},"f":{"0":8,"1":8},"b":{},"_coverageSchema":"1a1c01bbd47fc00a2c39e90264f33305004495a9","hash":"e9570f8c49a4c03fed4aedd75dc2ea1e835aa720"}
,"C:\\Users\\sjrei\\Documents\\lambda\\my-school\\My-School-BE\\data\\testSeeds\\05-activity_types.js": {"path":"C:\\Users\\sjrei\\Documents\\lambda\\my-school\\My-School-BE\\data\\testSeeds\\05-activity_types.js","statementMap":{"0":{"start":{"line":1,"column":0},"end":{"line":14,"column":2}},"1":{"start":{"line":3,"column":2},"end":{"line":13,"column":7}},"2":{"start":{"line":7,"column":6},"end":{"line":12,"column":9}}},"fnMap":{"0":{"name":"(anonymous_0)","decl":{"start":{"line":1,"column":15},"end":{"line":1,"column":16}},"loc":{"start":{"line":1,"column":31},"end":{"line":14,"column":1}},"line":1},"1":{"name":"(anonymous_1)","decl":{"start":{"line":5,"column":10},"end":{"line":5,"column":11}},"loc":{"start":{"line":5,"column":22},"end":{"line":13,"column":5}},"line":5}},"branchMap":{},"s":{"0":4,"1":8,"2":8},"f":{"0":8,"1":8},"b":{},"_coverageSchema":"1a1c01bbd47fc00a2c39e90264f33305004495a9","hash":"f64e323992b03b42e459c7c9e3df9896ecbe7fe3"}
,"C:\\Users\\sjrei\\Documents\\lambda\\my-school\\My-School-BE\\data\\testSeeds\\06-activities.js": {"path":"C:\\Users\\sjrei\\Documents\\lambda\\my-school\\My-School-BE\\data\\testSeeds\\06-activities.js","statementMap":{"0":{"start":{"line":1,"column":0},"end":{"line":64,"column":2}},"1":{"start":{"line":3,"column":2},"end":{"line":63,"column":7}},"2":{"start":{"line":7,"column":6},"end":{"line":62,"column":9}}},"fnMap":{"0":{"name":"(anonymous_0)","decl":{"start":{"line":1,"column":15},"end":{"line":1,"column":16}},"loc":{"start":{"line":1,"column":31},"end":{"line":64,"column":1}},"line":1},"1":{"name":"(anonymous_1)","decl":{"start":{"line":5,"column":10},"end":{"line":5,"column":11}},"loc":{"start":{"line":5,"column":22},"end":{"line":63,"column":5}},"line":5}},"branchMap":{},"s":{"0":4,"1":8,"2":8},"f":{"0":8,"1":8},"b":{},"_coverageSchema":"1a1c01bbd47fc00a2c39e90264f33305004495a9","hash":"cbd84f32696843a3044b44ec2e99b250101bf636"}
,"C:\\Users\\sjrei\\Documents\\lambda\\my-school\\My-School-BE\\families\\families-model.js": {"path":"C:\\Users\\sjrei\\Documents\\lambda\\my-school\\My-School-BE\\families\\families-model.js","statementMap":{"0":{"start":{"line":1,"column":11},"end":{"line":1,"column":41}},"1":{"start":{"line":3,"column":0},"end":{"line":9,"column":2}},"2":{"start":{"line":12,"column":4},"end":{"line":12,"column":25}},"3":{"start":{"line":16,"column":4},"end":{"line":18,"column":16}},"4":{"start":{"line":22,"column":4},"end":{"line":27,"column":6}},"5":{"start":{"line":26,"column":8},"end":{"line":26,"column":32}},"6":{"start":{"line":31,"column":4},"end":{"line":36,"column":6}},"7":{"start":{"line":35,"column":8},"end":{"line":35,"column":32}},"8":{"start":{"line":40,"column":4},"end":{"line":40,"column":43}}},"fnMap":{"0":{"name":"getAllFamilies","decl":{"start":{"line":11,"column":9},"end":{"line":11,"column":23}},"loc":{"start":{"line":11,"column":25},"end":{"line":13,"column":1}},"line":11},"1":{"name":"getFamilyById","decl":{"start":{"line":15,"column":9},"end":{"line":15,"column":22}},"loc":{"start":{"line":15,"column":26},"end":{"line":19,"column":1}},"line":15},"2":{"name":"addFamily","decl":{"start":{"line":21,"column":9},"end":{"line":21,"column":18}},"loc":{"start":{"line":21,"column":26},"end":{"line":28,"column":1}},"line":21},"3":{"name":"(anonymous_3)","decl":{"start":{"line":25,"column":10},"end":{"line":25,"column":11}},"loc":{"start":{"line":25,"column":20},"end":{"line":27,"column":5}},"line":25},"4":{"name":"editFamily","decl":{"start":{"line":30,"column":9},"end":{"line":30,"column":19}},"loc":{"start":{"line":30,"column":32},"end":{"line":37,"column":1}},"line":30},"5":{"name":"(anonymous_5)","decl":{"start":{"line":34,"column":10},"end":{"line":34,"column":11}},"loc":{"start":{"line":34,"column":16},"end":{"line":36,"column":5}},"line":34},"6":{"name":"deleteFamily","decl":{"start":{"line":39,"column":9},"end":{"line":39,"column":21}},"loc":{"start":{"line":39,"column":25},"end":{"line":41,"column":1}},"line":39}},"branchMap":{},"s":{"0":4,"1":4,"2":3,"3":15,"4":3,"5":3,"6":5,"7":5,"8":5},"f":{"0":3,"1":15,"2":3,"3":3,"4":5,"5":5,"6":5},"b":{},"_coverageSchema":"1a1c01bbd47fc00a2c39e90264f33305004495a9","hash":"294f95160221750468521b33f8e6c32f2a4d6e6b"}
,"C:\\Users\\sjrei\\Documents\\lambda\\my-school\\My-School-BE\\families\\families-router.js": {"path":"C:\\Users\\sjrei\\Documents\\lambda\\my-school\\My-School-BE\\families\\families-router.js","statementMap":{"0":{"start":{"line":1,"column":16},"end":{"line":1,"column":34}},"1":{"start":{"line":2,"column":15},"end":{"line":2,"column":31}},"2":{"start":{"line":3,"column":19},"end":{"line":3,"column":49}},"3":{"start":{"line":5,"column":0},"end":{"line":13,"column":3}},"4":{"start":{"line":6,"column":4},"end":{"line":12,"column":6}},"5":{"start":{"line":8,"column":8},"end":{"line":8,"column":38}},"6":{"start":{"line":11,"column":8},"end":{"line":11,"column":89}},"7":{"start":{"line":15,"column":0},"end":{"line":28,"column":3}},"8":{"start":{"line":16,"column":4},"end":{"line":27,"column":6}},"9":{"start":{"line":18,"column":8},"end":{"line":23,"column":9}},"10":{"start":{"line":19,"column":12},"end":{"line":19,"column":40}},"11":{"start":{"line":22,"column":12},"end":{"line":22,"column":74}},"12":{"start":{"line":26,"column":8},"end":{"line":26,"column":84}},"13":{"start":{"line":30,"column":0},"end":{"line":43,"column":3}},"14":{"start":{"line":31,"column":4},"end":{"line":42,"column":5}},"15":{"start":{"line":32,"column":8},"end":{"line":38,"column":10}},"16":{"start":{"line":34,"column":12},"end":{"line":34,"column":40}},"17":{"start":{"line":37,"column":12},"end":{"line":37,"column":88}},"18":{"start":{"line":41,"column":8},"end":{"line":41,"column":74}},"19":{"start":{"line":45,"column":0},"end":{"line":62,"column":3}},"20":{"start":{"line":46,"column":4},"end":{"line":60,"column":5}},"21":{"start":{"line":47,"column":8},"end":{"line":57,"column":10}},"22":{"start":{"line":49,"column":12},"end":{"line":53,"column":13}},"23":{"start":{"line":50,"column":16},"end":{"line":50,"column":44}},"24":{"start":{"line":52,"column":16},"end":{"line":52,"column":78}},"25":{"start":{"line":56,"column":12},"end":{"line":56,"column":88}},"26":{"start":{"line":59,"column":8},"end":{"line":59,"column":78}},"27":{"start":{"line":64,"column":0},"end":{"line":76,"column":3}},"28":{"start":{"line":65,"column":4},"end":{"line":75,"column":6}},"29":{"start":{"line":67,"column":8},"end":{"line":71,"column":9}},"30":{"start":{"line":68,"column":12},"end":{"line":68,"column":74}},"31":{"start":{"line":70,"column":12},"end":{"line":70,"column":74}},"32":{"start":{"line":74,"column":8},"end":{"line":74,"column":33}},"33":{"start":{"line":78,"column":0},"end":{"line":78,"column":24}}},"fnMap":{"0":{"name":"(anonymous_0)","decl":{"start":{"line":5,"column":16},"end":{"line":5,"column":17}},"loc":{"start":{"line":5,"column":27},"end":{"line":13,"column":1}},"line":5},"1":{"name":"(anonymous_1)","decl":{"start":{"line":7,"column":10},"end":{"line":7,"column":11}},"loc":{"start":{"line":7,"column":22},"end":{"line":9,"column":5}},"line":7},"2":{"name":"(anonymous_2)","decl":{"start":{"line":10,"column":11},"end":{"line":10,"column":12}},"loc":{"start":{"line":10,"column":18},"end":{"line":12,"column":5}},"line":10},"3":{"name":"(anonymous_3)","decl":{"start":{"line":15,"column":19},"end":{"line":15,"column":20}},"loc":{"start":{"line":15,"column":30},"end":{"line":28,"column":1}},"line":15},"4":{"name":"(anonymous_4)","decl":{"start":{"line":17,"column":10},"end":{"line":17,"column":11}},"loc":{"start":{"line":17,"column":20},"end":{"line":24,"column":5}},"line":17},"5":{"name":"(anonymous_5)","decl":{"start":{"line":25,"column":11},"end":{"line":25,"column":12}},"loc":{"start":{"line":25,"column":18},"end":{"line":27,"column":5}},"line":25},"6":{"name":"(anonymous_6)","decl":{"start":{"line":30,"column":17},"end":{"line":30,"column":18}},"loc":{"start":{"line":30,"column":28},"end":{"line":43,"column":1}},"line":30},"7":{"name":"(anonymous_7)","decl":{"start":{"line":33,"column":14},"end":{"line":33,"column":15}},"loc":{"start":{"line":33,"column":24},"end":{"line":35,"column":9}},"line":33},"8":{"name":"(anonymous_8)","decl":{"start":{"line":36,"column":15},"end":{"line":36,"column":16}},"loc":{"start":{"line":36,"column":22},"end":{"line":38,"column":9}},"line":36},"9":{"name":"(anonymous_9)","decl":{"start":{"line":45,"column":19},"end":{"line":45,"column":20}},"loc":{"start":{"line":45,"column":30},"end":{"line":62,"column":1}},"line":45},"10":{"name":"(anonymous_10)","decl":{"start":{"line":48,"column":14},"end":{"line":48,"column":15}},"loc":{"start":{"line":48,"column":24},"end":{"line":54,"column":9}},"line":48},"11":{"name":"(anonymous_11)","decl":{"start":{"line":55,"column":15},"end":{"line":55,"column":16}},"loc":{"start":{"line":55,"column":22},"end":{"line":57,"column":9}},"line":55},"12":{"name":"(anonymous_12)","decl":{"start":{"line":64,"column":22},"end":{"line":64,"column":23}},"loc":{"start":{"line":64,"column":33},"end":{"line":76,"column":1}},"line":64},"13":{"name":"(anonymous_13)","decl":{"start":{"line":66,"column":10},"end":{"line":66,"column":11}},"loc":{"start":{"line":66,"column":20},"end":{"line":72,"column":5}},"line":66},"14":{"name":"(anonymous_14)","decl":{"start":{"line":73,"column":11},"end":{"line":73,"column":12}},"loc":{"start":{"line":73,"column":18},"end":{"line":75,"column":5}},"line":73}},"branchMap":{"0":{"loc":{"start":{"line":18,"column":8},"end":{"line":23,"column":9}},"type":"if","locations":[{"start":{"line":18,"column":8},"end":{"line":23,"column":9}},{"start":{"line":18,"column":8},"end":{"line":23,"column":9}}],"line":18},"1":{"loc":{"start":{"line":31,"column":4},"end":{"line":42,"column":5}},"type":"if","locations":[{"start":{"line":31,"column":4},"end":{"line":42,"column":5}},{"start":{"line":31,"column":4},"end":{"line":42,"column":5}}],"line":31},"2":{"loc":{"start":{"line":46,"column":4},"end":{"line":60,"column":5}},"type":"if","locations":[{"start":{"line":46,"column":4},"end":{"line":60,"column":5}},{"start":{"line":46,"column":4},"end":{"line":60,"column":5}}],"line":46},"3":{"loc":{"start":{"line":49,"column":12},"end":{"line":53,"column":13}},"type":"if","locations":[{"start":{"line":49,"column":12},"end":{"line":53,"column":13}},{"start":{"line":49,"column":12},"end":{"line":53,"column":13}}],"line":49},"4":{"loc":{"start":{"line":67,"column":8},"end":{"line":71,"column":9}},"type":"if","locations":[{"start":{"line":67,"column":8},"end":{"line":71,"column":9}},{"start":{"line":67,"column":8},"end":{"line":71,"column":9}}],"line":67}},"s":{"0":4,"1":4,"2":4,"3":4,"4":2,"5":2,"6":0,"7":4,"8":4,"9":4,"10":2,"11":2,"12":0,"13":4,"14":4,"15":2,"16":2,"17":0,"18":2,"19":4,"20":6,"21":4,"22":4,"23":2,"24":2,"25":0,"26":2,"27":4,"28":4,"29":4,"30":2,"31":2,"32":0,"33":4},"f":{"0":2,"1":2,"2":0,"3":4,"4":4,"5":0,"6":4,"7":2,"8":0,"9":6,"10":4,"11":0,"12":4,"13":4,"14":0},"b":{"0":[2,2],"1":[2,2],"2":[4,2],"3":[2,2],"4":[2,2]},"_coverageSchema":"1a1c01bbd47fc00a2c39e90264f33305004495a9","hash":"3c68d48ea0bf82d6ab4177cfd58af741ea534bfb"}
,"C:\\Users\\sjrei\\Documents\\lambda\\my-school\\My-School-BE\\subjects\\subjects-model.js": {"path":"C:\\Users\\sjrei\\Documents\\lambda\\my-school\\My-School-BE\\subjects\\subjects-model.js","statementMap":{"0":{"start":{"line":1,"column":11},"end":{"line":1,"column":41}},"1":{"start":{"line":3,"column":0},"end":{"line":9,"column":2}},"2":{"start":{"line":12,"column":4},"end":{"line":12,"column":25}},"3":{"start":{"line":16,"column":4},"end":{"line":18,"column":16}},"4":{"start":{"line":22,"column":4},"end":{"line":27,"column":6}},"5":{"start":{"line":26,"column":8},"end":{"line":26,"column":33}},"6":{"start":{"line":31,"column":4},"end":{"line":36,"column":6}},"7":{"start":{"line":35,"column":8},"end":{"line":35,"column":33}},"8":{"start":{"line":40,"column":4},"end":{"line":40,"column":43}}},"fnMap":{"0":{"name":"getAllSubjects","decl":{"start":{"line":11,"column":9},"end":{"line":11,"column":23}},"loc":{"start":{"line":11,"column":25},"end":{"line":13,"column":1}},"line":11},"1":{"name":"getSubjectById","decl":{"start":{"line":15,"column":9},"end":{"line":15,"column":23}},"loc":{"start":{"line":15,"column":27},"end":{"line":19,"column":1}},"line":15},"2":{"name":"addSubject","decl":{"start":{"line":21,"column":9},"end":{"line":21,"column":19}},"loc":{"start":{"line":21,"column":28},"end":{"line":28,"column":1}},"line":21},"3":{"name":"(anonymous_3)","decl":{"start":{"line":25,"column":10},"end":{"line":25,"column":11}},"loc":{"start":{"line":25,"column":20},"end":{"line":27,"column":5}},"line":25},"4":{"name":"editSubject","decl":{"start":{"line":30,"column":9},"end":{"line":30,"column":20}},"loc":{"start":{"line":30,"column":33},"end":{"line":37,"column":1}},"line":30},"5":{"name":"(anonymous_5)","decl":{"start":{"line":34,"column":10},"end":{"line":34,"column":11}},"loc":{"start":{"line":34,"column":16},"end":{"line":36,"column":5}},"line":34},"6":{"name":"deleteSubject","decl":{"start":{"line":39,"column":9},"end":{"line":39,"column":22}},"loc":{"start":{"line":39,"column":26},"end":{"line":41,"column":1}},"line":39}},"branchMap":{},"s":{"0":4,"1":4,"2":3,"3":15,"4":3,"5":3,"6":5,"7":5,"8":5},"f":{"0":3,"1":15,"2":3,"3":3,"4":5,"5":5,"6":5},"b":{},"_coverageSchema":"1a1c01bbd47fc00a2c39e90264f33305004495a9","hash":"a5f459fd306958ff9e493039c29220a350ed7b4c"}
,"C:\\Users\\sjrei\\Documents\\lambda\\my-school\\My-School-BE\\subjects\\subjects-router.js": {"path":"C:\\Users\\sjrei\\Documents\\lambda\\my-school\\My-School-BE\\subjects\\subjects-router.js","statementMap":{"0":{"start":{"line":1,"column":16},"end":{"line":1,"column":34}},"1":{"start":{"line":2,"column":15},"end":{"line":2,"column":31}},"2":{"start":{"line":3,"column":19},"end":{"line":3,"column":49}},"3":{"start":{"line":5,"column":0},"end":{"line":13,"column":3}},"4":{"start":{"line":6,"column":4},"end":{"line":12,"column":6}},"5":{"start":{"line":8,"column":8},"end":{"line":8,"column":38}},"6":{"start":{"line":11,"column":8},"end":{"line":11,"column":89}},"7":{"start":{"line":15,"column":0},"end":{"line":28,"column":3}},"8":{"start":{"line":16,"column":4},"end":{"line":27,"column":6}},"9":{"start":{"line":18,"column":8},"end":{"line":23,"column":9}},"10":{"start":{"line":19,"column":12},"end":{"line":19,"column":41}},"11":{"start":{"line":22,"column":12},"end":{"line":22,"column":75}},"12":{"start":{"line":26,"column":8},"end":{"line":26,"column":84}},"13":{"start":{"line":30,"column":0},"end":{"line":43,"column":3}},"14":{"start":{"line":31,"column":4},"end":{"line":42,"column":5}},"15":{"start":{"line":32,"column":8},"end":{"line":38,"column":10}},"16":{"start":{"line":34,"column":12},"end":{"line":34,"column":41}},"17":{"start":{"line":37,"column":12},"end":{"line":37,"column":88}},"18":{"start":{"line":41,"column":8},"end":{"line":41,"column":74}},"19":{"start":{"line":45,"column":0},"end":{"line":62,"column":3}},"20":{"start":{"line":46,"column":4},"end":{"line":60,"column":5}},"21":{"start":{"line":47,"column":8},"end":{"line":57,"column":10}},"22":{"start":{"line":49,"column":12},"end":{"line":53,"column":13}},"23":{"start":{"line":50,"column":16},"end":{"line":50,"column":45}},"24":{"start":{"line":52,"column":16},"end":{"line":52,"column":79}},"25":{"start":{"line":56,"column":12},"end":{"line":56,"column":88}},"26":{"start":{"line":59,"column":8},"end":{"line":59,"column":78}},"27":{"start":{"line":64,"column":0},"end":{"line":76,"column":3}},"28":{"start":{"line":65,"column":4},"end":{"line":75,"column":6}},"29":{"start":{"line":67,"column":8},"end":{"line":71,"column":9}},"30":{"start":{"line":68,"column":12},"end":{"line":68,"column":75}},"31":{"start":{"line":70,"column":12},"end":{"line":70,"column":75}},"32":{"start":{"line":74,"column":8},"end":{"line":74,"column":33}},"33":{"start":{"line":78,"column":0},"end":{"line":78,"column":24}}},"fnMap":{"0":{"name":"(anonymous_0)","decl":{"start":{"line":5,"column":16},"end":{"line":5,"column":17}},"loc":{"start":{"line":5,"column":29},"end":{"line":13,"column":1}},"line":5},"1":{"name":"(anonymous_1)","decl":{"start":{"line":7,"column":10},"end":{"line":7,"column":11}},"loc":{"start":{"line":7,"column":22},"end":{"line":9,"column":5}},"line":7},"2":{"name":"(anonymous_2)","decl":{"start":{"line":10,"column":11},"end":{"line":10,"column":12}},"loc":{"start":{"line":10,"column":18},"end":{"line":12,"column":5}},"line":10},"3":{"name":"(anonymous_3)","decl":{"start":{"line":15,"column":19},"end":{"line":15,"column":20}},"loc":{"start":{"line":15,"column":30},"end":{"line":28,"column":1}},"line":15},"4":{"name":"(anonymous_4)","decl":{"start":{"line":17,"column":10},"end":{"line":17,"column":11}},"loc":{"start":{"line":17,"column":21},"end":{"line":24,"column":5}},"line":17},"5":{"name":"(anonymous_5)","decl":{"start":{"line":25,"column":11},"end":{"line":25,"column":12}},"loc":{"start":{"line":25,"column":18},"end":{"line":27,"column":5}},"line":25},"6":{"name":"(anonymous_6)","decl":{"start":{"line":30,"column":17},"end":{"line":30,"column":18}},"loc":{"start":{"line":30,"column":28},"end":{"line":43,"column":1}},"line":30},"7":{"name":"(anonymous_7)","decl":{"start":{"line":33,"column":14},"end":{"line":33,"column":15}},"loc":{"start":{"line":33,"column":25},"end":{"line":35,"column":9}},"line":33},"8":{"name":"(anonymous_8)","decl":{"start":{"line":36,"column":15},"end":{"line":36,"column":16}},"loc":{"start":{"line":36,"column":22},"end":{"line":38,"column":9}},"line":36},"9":{"name":"(anonymous_9)","decl":{"start":{"line":45,"column":19},"end":{"line":45,"column":20}},"loc":{"start":{"line":45,"column":30},"end":{"line":62,"column":1}},"line":45},"10":{"name":"(anonymous_10)","decl":{"start":{"line":48,"column":14},"end":{"line":48,"column":15}},"loc":{"start":{"line":48,"column":25},"end":{"line":54,"column":9}},"line":48},"11":{"name":"(anonymous_11)","decl":{"start":{"line":55,"column":15},"end":{"line":55,"column":16}},"loc":{"start":{"line":55,"column":22},"end":{"line":57,"column":9}},"line":55},"12":{"name":"(anonymous_12)","decl":{"start":{"line":64,"column":22},"end":{"line":64,"column":23}},"loc":{"start":{"line":64,"column":33},"end":{"line":76,"column":1}},"line":64},"13":{"name":"(anonymous_13)","decl":{"start":{"line":66,"column":10},"end":{"line":66,"column":11}},"loc":{"start":{"line":66,"column":21},"end":{"line":72,"column":5}},"line":66},"14":{"name":"(anonymous_14)","decl":{"start":{"line":73,"column":11},"end":{"line":73,"column":12}},"loc":{"start":{"line":73,"column":18},"end":{"line":75,"column":5}},"line":73}},"branchMap":{"0":{"loc":{"start":{"line":18,"column":8},"end":{"line":23,"column":9}},"type":"if","locations":[{"start":{"line":18,"column":8},"end":{"line":23,"column":9}},{"start":{"line":18,"column":8},"end":{"line":23,"column":9}}],"line":18},"1":{"loc":{"start":{"line":31,"column":4},"end":{"line":42,"column":5}},"type":"if","locations":[{"start":{"line":31,"column":4},"end":{"line":42,"column":5}},{"start":{"line":31,"column":4},"end":{"line":42,"column":5}}],"line":31},"2":{"loc":{"start":{"line":46,"column":4},"end":{"line":60,"column":5}},"type":"if","locations":[{"start":{"line":46,"column":4},"end":{"line":60,"column":5}},{"start":{"line":46,"column":4},"end":{"line":60,"column":5}}],"line":46},"3":{"loc":{"start":{"line":49,"column":12},"end":{"line":53,"column":13}},"type":"if","locations":[{"start":{"line":49,"column":12},"end":{"line":53,"column":13}},{"start":{"line":49,"column":12},"end":{"line":53,"column":13}}],"line":49},"4":{"loc":{"start":{"line":67,"column":8},"end":{"line":71,"column":9}},"type":"if","locations":[{"start":{"line":67,"column":8},"end":{"line":71,"column":9}},{"start":{"line":67,"column":8},"end":{"line":71,"column":9}}],"line":67}},"s":{"0":4,"1":4,"2":4,"3":4,"4":2,"5":2,"6":0,"7":4,"8":4,"9":4,"10":2,"11":2,"12":0,"13":4,"14":4,"15":2,"16":2,"17":0,"18":2,"19":4,"20":6,"21":4,"22":4,"23":2,"24":2,"25":0,"26":2,"27":4,"28":4,"29":4,"30":2,"31":2,"32":0,"33":4},"f":{"0":2,"1":2,"2":0,"3":4,"4":4,"5":0,"6":4,"7":2,"8":0,"9":6,"10":4,"11":0,"12":4,"13":4,"14":0},"b":{"0":[2,2],"1":[2,2],"2":[4,2],"3":[2,2],"4":[2,2]},"_coverageSchema":"1a1c01bbd47fc00a2c39e90264f33305004495a9","hash":"7013a4b2138032e98a978290b615df67044c9341"}
,"C:\\Users\\sjrei\\Documents\\lambda\\my-school\\My-School-BE\\users\\users-model.js": {"path":"C:\\Users\\sjrei\\Documents\\lambda\\my-school\\My-School-BE\\users\\users-model.js","statementMap":{"0":{"start":{"line":1,"column":11},"end":{"line":1,"column":41}},"1":{"start":{"line":3,"column":0},"end":{"line":10,"column":2}},"2":{"start":{"line":13,"column":2},"end":{"line":20,"column":6}},"3":{"start":{"line":24,"column":2},"end":{"line":33,"column":13}},"4":{"start":{"line":37,"column":2},"end":{"line":51,"column":34}},"5":{"start":{"line":55,"column":2},"end":{"line":55,"column":51}},"6":{"start":{"line":59,"column":2},"end":{"line":59,"column":41}},"7":{"start":{"line":63,"column":2},"end":{"line":68,"column":7}},"8":{"start":{"line":67,"column":6},"end":{"line":67,"column":29}}},"fnMap":{"0":{"name":"getAllUsers","decl":{"start":{"line":12,"column":9},"end":{"line":12,"column":20}},"loc":{"start":{"line":12,"column":23},"end":{"line":21,"column":1}},"line":12},"1":{"name":"getUserById","decl":{"start":{"line":23,"column":9},"end":{"line":23,"column":20}},"loc":{"start":{"line":23,"column":25},"end":{"line":34,"column":1}},"line":23},"2":{"name":"getAllActivitesForUser","decl":{"start":{"line":36,"column":9},"end":{"line":36,"column":31}},"loc":{"start":{"line":36,"column":36},"end":{"line":52,"column":1}},"line":36},"3":{"name":"editUser","decl":{"start":{"line":54,"column":9},"end":{"line":54,"column":17}},"loc":{"start":{"line":54,"column":31},"end":{"line":56,"column":1}},"line":54},"4":{"name":"deleteUser","decl":{"start":{"line":58,"column":9},"end":{"line":58,"column":19}},"loc":{"start":{"line":58,"column":24},"end":{"line":60,"column":1}},"line":58},"5":{"name":"addUser","decl":{"start":{"line":62,"column":9},"end":{"line":62,"column":16}},"loc":{"start":{"line":62,"column":23},"end":{"line":69,"column":1}},"line":62},"6":{"name":"(anonymous_6)","decl":{"start":{"line":66,"column":10},"end":{"line":66,"column":11}},"loc":{"start":{"line":66,"column":20},"end":{"line":68,"column":5}},"line":66}},"branchMap":{},"s":{"0":4,"1":4,"2":3,"3":15,"4":3,"5":3,"6":2,"7":0,"8":0},"f":{"0":3,"1":15,"2":3,"3":3,"4":2,"5":0,"6":0},"b":{},"_coverageSchema":"1a1c01bbd47fc00a2c39e90264f33305004495a9","hash":"9f18dd02fb95151efbc5b874f44214e60fe17c7b"}
,"C:\\Users\\sjrei\\Documents\\lambda\\my-school\\My-School-BE\\users\\users-router.js": {"path":"C:\\Users\\sjrei\\Documents\\lambda\\my-school\\My-School-BE\\users\\users-router.js","statementMap":{"0":{"start":{"line":1,"column":0},"end":{"line":1,"column":27}},"1":{"start":{"line":2,"column":16},"end":{"line":2,"column":34}},"2":{"start":{"line":3,"column":15},"end":{"line":3,"column":31}},"3":{"start":{"line":4,"column":16},"end":{"line":4,"column":43}},"4":{"start":{"line":5,"column":19},"end":{"line":5,"column":43}},"5":{"start":{"line":7,"column":0},"end":{"line":11,"column":2}},"6":{"start":{"line":13,"column":0},"end":{"line":17,"column":3}},"7":{"start":{"line":14,"column":4},"end":{"line":16,"column":107}},"8":{"start":{"line":15,"column":19},"end":{"line":15,"column":46}},"9":{"start":{"line":16,"column":18},"end":{"line":16,"column":106}},"10":{"start":{"line":19,"column":0},"end":{"line":21,"column":3}},"11":{"start":{"line":20,"column":4},"end":{"line":20,"column":35}},"12":{"start":{"line":23,"column":0},"end":{"line":28,"column":3}},"13":{"start":{"line":24,"column":19},"end":{"line":24,"column":29}},"14":{"start":{"line":25,"column":4},"end":{"line":27,"column":126}},"15":{"start":{"line":26,"column":23},"end":{"line":26,"column":54}},"16":{"start":{"line":27,"column":18},"end":{"line":27,"column":125}},"17":{"start":{"line":30,"column":0},"end":{"line":39,"column":3}},"18":{"start":{"line":31,"column":20},"end":{"line":31,"column":28}},"19":{"start":{"line":32,"column":4},"end":{"line":38,"column":140}},"20":{"start":{"line":34,"column":8},"end":{"line":36,"column":172}},"21":{"start":{"line":35,"column":29},"end":{"line":35,"column":62}},"22":{"start":{"line":36,"column":22},"end":{"line":36,"column":171}},"23":{"start":{"line":38,"column":18},"end":{"line":38,"column":139}},"24":{"start":{"line":41,"column":0},"end":{"line":57,"column":3}},"25":{"start":{"line":42,"column":19},"end":{"line":42,"column":29}},"26":{"start":{"line":43,"column":17},"end":{"line":43,"column":32}},"27":{"start":{"line":44,"column":4},"end":{"line":56,"column":6}},"28":{"start":{"line":45,"column":8},"end":{"line":55,"column":10}},"29":{"start":{"line":49,"column":12},"end":{"line":51,"column":151}},"30":{"start":{"line":50,"column":33},"end":{"line":50,"column":66}},"31":{"start":{"line":51,"column":26},"end":{"line":51,"column":150}},"32":{"start":{"line":54,"column":10},"end":{"line":54,"column":146}},"33":{"start":{"line":59,"column":0},"end":{"line":70,"column":3}},"34":{"start":{"line":60,"column":19},"end":{"line":60,"column":29}},"35":{"start":{"line":61,"column":4},"end":{"line":69,"column":145}},"36":{"start":{"line":63,"column":8},"end":{"line":67,"column":93}},"37":{"start":{"line":69,"column":18},"end":{"line":69,"column":144}},"38":{"start":{"line":73,"column":19},"end":{"line":73,"column":29}},"39":{"start":{"line":74,"column":4},"end":{"line":79,"column":129}},"40":{"start":{"line":76,"column":8},"end":{"line":76,"column":24}},"41":{"start":{"line":77,"column":8},"end":{"line":77,"column":109}},"42":{"start":{"line":79,"column":18},"end":{"line":79,"column":128}},"43":{"start":{"line":83,"column":23},"end":{"line":83,"column":31}},"44":{"start":{"line":84,"column":4},"end":{"line":88,"column":101}},"45":{"start":{"line":91,"column":0},"end":{"line":91,"column":24}}},"fnMap":{"0":{"name":"(anonymous_0)","decl":{"start":{"line":13,"column":16},"end":{"line":13,"column":17}},"loc":{"start":{"line":13,"column":27},"end":{"line":17,"column":1}},"line":13},"1":{"name":"(anonymous_1)","decl":{"start":{"line":15,"column":10},"end":{"line":15,"column":11}},"loc":{"start":{"line":15,"column":19},"end":{"line":15,"column":46}},"line":15},"2":{"name":"(anonymous_2)","decl":{"start":{"line":16,"column":11},"end":{"line":16,"column":12}},"loc":{"start":{"line":16,"column":18},"end":{"line":16,"column":106}},"line":16},"3":{"name":"(anonymous_3)","decl":{"start":{"line":19,"column":29},"end":{"line":19,"column":30}},"loc":{"start":{"line":19,"column":40},"end":{"line":21,"column":1}},"line":19},"4":{"name":"(anonymous_4)","decl":{"start":{"line":23,"column":40},"end":{"line":23,"column":41}},"loc":{"start":{"line":23,"column":51},"end":{"line":28,"column":1}},"line":23},"5":{"name":"(anonymous_5)","decl":{"start":{"line":26,"column":10},"end":{"line":26,"column":11}},"loc":{"start":{"line":26,"column":23},"end":{"line":26,"column":54}},"line":26},"6":{"name":"(anonymous_6)","decl":{"start":{"line":27,"column":11},"end":{"line":27,"column":12}},"loc":{"start":{"line":27,"column":18},"end":{"line":27,"column":125}},"line":27},"7":{"name":"(anonymous_7)","decl":{"start":{"line":30,"column":50},"end":{"line":30,"column":51}},"loc":{"start":{"line":30,"column":61},"end":{"line":39,"column":1}},"line":30},"8":{"name":"(anonymous_8)","decl":{"start":{"line":33,"column":10},"end":{"line":33,"column":11}},"loc":{"start":{"line":33,"column":20},"end":{"line":37,"column":5}},"line":33},"9":{"name":"(anonymous_9)","decl":{"start":{"line":35,"column":14},"end":{"line":35,"column":15}},"loc":{"start":{"line":35,"column":29},"end":{"line":35,"column":62}},"line":35},"10":{"name":"(anonymous_10)","decl":{"start":{"line":36,"column":15},"end":{"line":36,"column":16}},"loc":{"start":{"line":36,"column":22},"end":{"line":36,"column":171}},"line":36},"11":{"name":"(anonymous_11)","decl":{"start":{"line":38,"column":11},"end":{"line":38,"column":12}},"loc":{"start":{"line":38,"column":18},"end":{"line":38,"column":139}},"line":38},"12":{"name":"(anonymous_12)","decl":{"start":{"line":41,"column":40},"end":{"line":41,"column":41}},"loc":{"start":{"line":41,"column":51},"end":{"line":57,"column":1}},"line":41},"13":{"name":"(anonymous_13)","decl":{"start":{"line":44,"column":50},"end":{"line":44,"column":51}},"loc":{"start":{"line":44,"column":65},"end":{"line":56,"column":5}},"line":44},"14":{"name":"(anonymous_14)","decl":{"start":{"line":48,"column":14},"end":{"line":48,"column":15}},"loc":{"start":{"line":48,"column":26},"end":{"line":52,"column":9}},"line":48},"15":{"name":"(anonymous_15)","decl":{"start":{"line":50,"column":18},"end":{"line":50,"column":19}},"loc":{"start":{"line":50,"column":33},"end":{"line":50,"column":66}},"line":50},"16":{"name":"(anonymous_16)","decl":{"start":{"line":51,"column":19},"end":{"line":51,"column":20}},"loc":{"start":{"line":51,"column":26},"end":{"line":51,"column":150}},"line":51},"17":{"name":"(anonymous_17)","decl":{"start":{"line":53,"column":15},"end":{"line":53,"column":16}},"loc":{"start":{"line":53,"column":22},"end":{"line":55,"column":9}},"line":53},"18":{"name":"(anonymous_18)","decl":{"start":{"line":59,"column":32},"end":{"line":59,"column":33}},"loc":{"start":{"line":59,"column":43},"end":{"line":70,"column":1}},"line":59},"19":{"name":"(anonymous_19)","decl":{"start":{"line":62,"column":10},"end":{"line":62,"column":11}},"loc":{"start":{"line":63,"column":8},"end":{"line":67,"column":93}},"line":63},"20":{"name":"(anonymous_20)","decl":{"start":{"line":69,"column":11},"end":{"line":69,"column":12}},"loc":{"start":{"line":69,"column":18},"end":{"line":69,"column":144}},"line":69},"21":{"name":"verifyId","decl":{"start":{"line":72,"column":9},"end":{"line":72,"column":17}},"loc":{"start":{"line":72,"column":31},"end":{"line":80,"column":1}},"line":72},"22":{"name":"(anonymous_22)","decl":{"start":{"line":75,"column":10},"end":{"line":75,"column":11}},"loc":{"start":{"line":75,"column":18},"end":{"line":78,"column":5}},"line":75},"23":{"name":"(anonymous_23)","decl":{"start":{"line":79,"column":11},"end":{"line":79,"column":12}},"loc":{"start":{"line":79,"column":18},"end":{"line":79,"column":128}},"line":79},"24":{"name":"userBodyVerifaction","decl":{"start":{"line":82,"column":9},"end":{"line":82,"column":28}},"loc":{"start":{"line":82,"column":42},"end":{"line":89,"column":1}},"line":82}},"branchMap":{"0":{"loc":{"start":{"line":63,"column":8},"end":{"line":67,"column":93}},"type":"cond-expr","locations":[{"start":{"line":65,"column":8},"end":{"line":65,"column":89}},{"start":{"line":67,"column":8},"end":{"line":67,"column":93}}],"line":63},"1":{"loc":{"start":{"line":77,"column":8},"end":{"line":77,"column":109}},"type":"cond-expr","locations":[{"start":{"line":77,"column":15},"end":{"line":77,"column":21}},{"start":{"line":77,"column":24},"end":{"line":77,"column":109}}],"line":77},"2":{"loc":{"start":{"line":84,"column":4},"end":{"line":88,"column":101}},"type":"cond-expr","locations":[{"start":{"line":86,"column":4},"end":{"line":86,"column":10}},{"start":{"line":88,"column":4},"end":{"line":88,"column":101}}],"line":84},"3":{"loc":{"start":{"line":84,"column":4},"end":{"line":84,"column":127}},"type":"binary-expr","locations":[{"start":{"line":84,"column":4},"end":{"line":84,"column":41}},{"start":{"line":84,"column":45},"end":{"line":84,"column":60}},{"start":{"line":84,"column":64},"end":{"line":84,"column":83}},{"start":{"line":84,"column":87},"end":{"line":84,"column":103}},{"start":{"line":84,"column":107},"end":{"line":84,"column":127}}],"line":84}},"s":{"0":4,"1":4,"2":4,"3":4,"4":4,"5":4,"6":4,"7":2,"8":2,"9":0,"10":4,"11":3,"12":4,"13":2,"14":2,"15":2,"16":0,"17":4,"18":1,"19":1,"20":1,"21":1,"22":0,"23":0,"24":4,"25":2,"26":2,"27":1,"28":1,"29":1,"30":1,"31":0,"32":0,"33":4,"34":1,"35":1,"36":1,"37":0,"38":10,"39":10,"40":10,"41":10,"42":0,"43":1,"44":1,"45":4},"f":{"0":2,"1":2,"2":0,"3":3,"4":2,"5":2,"6":0,"7":1,"8":1,"9":1,"10":0,"11":0,"12":2,"13":1,"14":1,"15":1,"16":0,"17":0,"18":1,"19":1,"20":0,"21":10,"22":10,"23":0,"24":1},"b":{"0":[1,0],"1":[9,1],"2":[1,0],"3":[1,1,0,0,0]},"_coverageSchema":"1a1c01bbd47fc00a2c39e90264f33305004495a9","hash":"92db64ecace8f28e9666b44ac77404755237af60"}
,"C:\\Users\\sjrei\\Documents\\lambda\\my-school\\My-School-BE\\utils\\generateToken.js": {"path":"C:\\Users\\sjrei\\Documents\\lambda\\my-school\\My-School-BE\\utils\\generateToken.js","statementMap":{"0":{"start":{"line":1,"column":0},"end":{"line":10,"column":3}},"1":{"start":{"line":2,"column":20},"end":{"line":5,"column":5}},"2":{"start":{"line":6,"column":20},"end":{"line":8,"column":5}},"3":{"start":{"line":9,"column":4},"end":{"line":9,"column":62}}},"fnMap":{"0":{"name":"generateToken","decl":{"start":{"line":1,"column":26},"end":{"line":1,"column":39}},"loc":{"start":{"line":1,"column":46},"end":{"line":10,"column":3}},"line":1}},"branchMap":{},"s":{"0":0,"1":0,"2":0,"3":0},"f":{"0":0},"b":{}}
}
