TN:
SF:index.js
FN:5,(anonymous_0)
FNF:1
FNH:0
FNDA:0,(anonymous_0)
DA:1,0
DA:3,0
DA:5,0
LF:3
LH:0
BRDA:3,0,0,0
BRDA:3,0,1,0
BRF:2
BRH:0
end_of_record
TN:
SF:knexfile.js
FN:16,(anonymous_0)
FNF:1
FNH:0
FNDA:0,(anonymous_0)
DA:1,4
DA:18,0
LF:2
LH:1
BRF:0
BRH:0
end_of_record
TN:
SF:activitylog\activities-model.js
FN:11,getAllActivities
FN:19,getActivityById
FN:28,addActivity
FN:32,editActivity
FN:36,deleteActivity
FNF:5
FNH:5
FNDA:3,getAllActivities
FNDA:15,getActivityById
FNDA:5,addActivity
FNDA:3,editActivity
FNDA:3,deleteActivity
DA:1,4
DA:3,4
DA:12,3
DA:20,15
DA:29,5
DA:33,3
DA:37,3
LF:7
LH:7
BRF:0
BRH:0
end_of_record
TN:
SF:activitylog\activities-router.js
FN:14,(anonymous_0)
FN:16,(anonymous_1)
FN:17,(anonymous_2)
FN:20,(anonymous_3)
FN:24,(anonymous_4)
FN:27,(anonymous_5)
FN:31,(anonymous_6)
FN:34,(anonymous_7)
FN:38,(anonymous_8)
FN:41,(anonymous_9)
FN:43,(anonymous_10)
FN:48,(anonymous_11)
FN:50,(anonymous_12)
FN:51,(anonymous_13)
FN:53,(anonymous_14)
FN:59,(anonymous_15)
FN:62,(anonymous_16)
FN:67,(anonymous_17)
FN:69,(anonymous_18)
FN:70,(anonymous_19)
FN:72,(anonymous_20)
FN:79,(anonymous_21)
FN:83,(anonymous_22)
FN:85,(anonymous_23)
FN:86,(anonymous_24)
FN:88,(anonymous_25)
FN:91,(anonymous_26)
FN:93,(anonymous_27)
FN:94,(anonymous_28)
FN:97,verifyId
FN:100,(anonymous_30)
FN:104,(anonymous_31)
FN:107,verifyBodyForPost
FN:112,verifyBodyForPut
FNF:34
FNH:19
FNDA:2,(anonymous_0)
FNDA:2,(anonymous_1)
FNDA:0,(anonymous_2)
FNDA:3,(anonymous_3)
FNDA:4,(anonymous_4)
FNDA:4,(anonymous_5)
FNDA:4,(anonymous_6)
FNDA:0,(anonymous_7)
FNDA:0,(anonymous_8)
FNDA:0,(anonymous_9)
FNDA:0,(anonymous_10)
FNDA:0,(anonymous_11)
FNDA:0,(anonymous_12)
FNDA:0,(anonymous_13)
FNDA:0,(anonymous_14)
FNDA:2,(anonymous_15)
FNDA:1,(anonymous_16)
FNDA:1,(anonymous_17)
FNDA:1,(anonymous_18)
FNDA:0,(anonymous_19)
FNDA:0,(anonymous_20)
FNDA:1,(anonymous_21)
FNDA:1,(anonymous_22)
FNDA:1,(anonymous_23)
FNDA:0,(anonymous_24)
FNDA:0,(anonymous_25)
FNDA:2,(anonymous_26)
FNDA:2,(anonymous_27)
FNDA:0,(anonymous_28)
FNDA:6,verifyId
FNDA:6,(anonymous_30)
FNDA:0,(anonymous_31)
FNDA:4,verifyBodyForPost
FNDA:1,verifyBodyForPut
DA:1,4
DA:2,4
DA:3,4
DA:4,4
DA:6,4
DA:12,4
DA:14,4
DA:15,2
DA:16,2
DA:17,0
DA:20,4
DA:21,3
DA:24,4
DA:25,4
DA:26,4
DA:28,4
DA:32,4
DA:34,0
DA:38,0
DA:41,4
DA:42,0
DA:43,0
DA:44,0
DA:49,0
DA:50,0
DA:51,0
DA:54,0
DA:59,4
DA:60,2
DA:61,2
DA:62,1
DA:63,1
DA:68,1
DA:69,1
DA:70,0
DA:73,0
DA:74,0
DA:79,4
DA:80,1
DA:81,1
DA:82,1
DA:84,1
DA:85,1
DA:86,0
DA:88,0
DA:91,4
DA:92,2
DA:93,2
DA:94,0
DA:98,6
DA:99,6
DA:101,6
DA:102,6
DA:104,0
DA:108,4
DA:109,4
DA:113,1
DA:114,1
DA:121,4
LF:59
LH:42
BRDA:28,0,0,4
BRDA:28,0,1,0
BRDA:102,1,0,6
BRDA:102,1,1,0
BRDA:109,2,0,4
BRDA:109,2,1,0
BRDA:114,3,0,1
BRDA:114,3,1,0
BRDA:114,4,0,1
BRDA:114,4,1,1
BRDA:114,4,2,0
BRDA:114,4,3,0
BRDA:114,4,4,0
BRDA:114,4,5,0
BRF:14
BRH:6
end_of_record
TN:
SF:api\server.js
FNF:0
FNH:0
DA:1,4
DA:2,4
DA:3,4
DA:4,4
DA:5,4
DA:6,4
DA:7,4
DA:8,4
DA:9,4
DA:11,4
DA:14,4
DA:15,4
DA:16,4
DA:17,4
DA:18,4
DA:19,4
DA:20,4
DA:22,4
LF:18
LH:18
BRF:0
BRH:0
end_of_record
TN:
SF:auth\auth-router.js
FN:7,(anonymous_0)
FN:12,(anonymous_1)
FN:16,(anonymous_2)
FN:22,(anonymous_3)
FNF:4
FNH:0
FNDA:0,(anonymous_0)
FNDA:0,(anonymous_1)
FNDA:0,(anonymous_2)
FNDA:0,(anonymous_3)
DA:1,0
DA:2,0
DA:3,0
DA:4,0
DA:5,0
DA:7,0
DA:8,0
DA:9,0
DA:10,0
DA:11,0
DA:13,0
DA:14,0
DA:17,0
DA:22,0
DA:23,0
DA:24,0
DA:29,0
LF:17
LH:0
BRF:0
BRH:0
end_of_record
TN:
SF:auth\authenticator.js
FN:3,(anonymous_0)
FN:9,(anonymous_1)
FNF:2
FNH:0
FNDA:0,(anonymous_0)
FNDA:0,(anonymous_1)
DA:1,0
DA:3,0
DA:4,0
DA:6,0
DA:8,0
DA:9,0
DA:10,0
DA:11,0
DA:13,0
DA:14,0
DA:18,0
LF:11
LH:0
BRDA:6,0,0,0
BRDA:6,0,1,0
BRDA:8,1,0,0
BRDA:8,1,1,0
BRDA:10,2,0,0
BRDA:10,2,1,0
BRF:6
BRH:0
end_of_record
TN:
SF:data\dbconfig.js
FNF:0
FNH:0
DA:1,4
DA:2,4
DA:4,4
DA:6,4
DA:8,4
LF:5
LH:5
BRDA:6,0,0,4
BRDA:6,0,1,0
BRF:2
BRH:1
end_of_record
TN:
SF:data\migrations\20200513134144_families-table.js
FN:1,(anonymous_0)
FN:2,(anonymous_1)
FN:8,(anonymous_2)
FNF:3
FNH:0
FNDA:0,(anonymous_0)
FNDA:0,(anonymous_1)
FNDA:0,(anonymous_2)
DA:1,0
DA:2,0
DA:3,0
DA:4,0
DA:8,0
DA:9,0
LF:6
LH:0
BRF:0
BRH:0
end_of_record
TN:
SF:data\migrations\20200513134204_user_types-table.js
FN:1,(anonymous_0)
FN:2,(anonymous_1)
FN:8,(anonymous_2)
FNF:3
FNH:0
FNDA:0,(anonymous_0)
FNDA:0,(anonymous_1)
FNDA:0,(anonymous_2)
DA:1,0
DA:2,0
DA:3,0
DA:4,0
DA:8,0
DA:9,0
LF:6
LH:0
BRF:0
BRH:0
end_of_record
TN:
SF:data\migrations\20200513134211_users-table.js
FN:1,(anonymous_0)
FN:2,(anonymous_1)
FN:14,(anonymous_2)
FNF:3
FNH:0
FNDA:0,(anonymous_0)
FNDA:0,(anonymous_1)
FNDA:0,(anonymous_2)
DA:1,0
DA:2,0
DA:3,0
DA:4,0
DA:5,0
DA:6,0
DA:7,0
DA:8,0
DA:9,0
DA:10,0
DA:14,0
DA:15,0
LF:12
LH:0
BRF:0
BRH:0
end_of_record
TN:
SF:data\migrations\20200513134221_subjects-table.js
FN:1,(anonymous_0)
FN:2,(anonymous_1)
FN:8,(anonymous_2)
FNF:3
FNH:0
FNDA:0,(anonymous_0)
FNDA:0,(anonymous_1)
FNDA:0,(anonymous_2)
DA:1,0
DA:2,0
DA:3,0
DA:4,0
DA:8,0
DA:9,0
LF:6
LH:0
BRF:0
BRH:0
end_of_record
TN:
SF:data\migrations\20200513134229_activity_types-table.js
FN:1,(anonymous_0)
FN:2,(anonymous_1)
FN:8,(anonymous_2)
FNF:3
FNH:0
FNDA:0,(anonymous_0)
FNDA:0,(anonymous_1)
FNDA:0,(anonymous_2)
DA:1,0
DA:2,0
DA:3,0
DA:4,0
DA:8,0
DA:9,0
LF:6
LH:0
BRF:0
BRH:0
end_of_record
TN:
SF:data\migrations\20200513134242_activities-table.js
FN:1,(anonymous_0)
FN:2,(anonymous_1)
FN:16,(anonymous_2)
FNF:3
FNH:0
FNDA:0,(anonymous_0)
FNDA:0,(anonymous_1)
FNDA:0,(anonymous_2)
DA:1,0
DA:2,0
DA:3,0
DA:4,0
DA:5,0
DA:6,0
DA:7,0
DA:8,0
DA:9,0
DA:10,0
DA:11,0
DA:12,0
DA:16,0
DA:17,0
LF:14
LH:0
BRF:0
BRH:0
end_of_record
TN:
SF:data\seeds\01-families.js
FN:1,(anonymous_0)
FN:5,(anonymous_1)
FNF:2
FNH:0
FNDA:0,(anonymous_0)
FNDA:0,(anonymous_1)
DA:1,0
DA:3,0
DA:7,0
LF:3
LH:0
BRF:0
BRH:0
end_of_record
TN:
SF:data\seeds\02-user_types.js
FN:1,(anonymous_0)
FN:5,(anonymous_1)
FNF:2
FNH:0
FNDA:0,(anonymous_0)
FNDA:0,(anonymous_1)
DA:1,0
DA:3,0
DA:7,0
LF:3
LH:0
BRF:0
BRH:0
end_of_record
TN:
SF:data\seeds\03-users.js
FN:1,(anonymous_0)
FN:5,(anonymous_1)
FNF:2
FNH:0
FNDA:0,(anonymous_0)
FNDA:0,(anonymous_1)
DA:1,0
DA:3,0
DA:7,0
LF:3
LH:0
BRF:0
BRH:0
end_of_record
TN:
SF:data\seeds\04-subjects.js
FN:1,(anonymous_0)
FN:5,(anonymous_1)
FNF:2
FNH:0
FNDA:0,(anonymous_0)
FNDA:0,(anonymous_1)
DA:1,0
DA:3,0
DA:7,0
LF:3
LH:0
BRF:0
BRH:0
end_of_record
TN:
SF:data\seeds\05-activity_types.js
FN:1,(anonymous_0)
FN:5,(anonymous_1)
FNF:2
FNH:0
FNDA:0,(anonymous_0)
FNDA:0,(anonymous_1)
DA:1,0
DA:3,0
DA:7,0
LF:3
LH:0
BRF:0
BRH:0
end_of_record
TN:
SF:data\seeds\06-activities.js
FN:1,(anonymous_0)
FN:5,(anonymous_1)
FNF:2
FNH:0
FNDA:0,(anonymous_0)
FNDA:0,(anonymous_1)
DA:1,0
DA:3,0
DA:7,0
LF:3
LH:0
BRF:0
BRH:0
end_of_record
TN:
SF:data\testSeeds\01-families.js
FN:1,(anonymous_0)
FN:5,(anonymous_1)
FNF:2
FNH:2
FNDA:8,(anonymous_0)
FNDA:8,(anonymous_1)
DA:1,4
DA:3,8
DA:7,8
LF:3
LH:3
BRF:0
BRH:0
end_of_record
TN:
SF:data\testSeeds\02-user_types.js
FN:1,(anonymous_0)
FN:5,(anonymous_1)
FNF:2
FNH:2
FNDA:8,(anonymous_0)
FNDA:8,(anonymous_1)
DA:1,4
DA:3,8
DA:7,8
LF:3
LH:3
BRF:0
BRH:0
end_of_record
TN:
SF:data\testSeeds\03-users.js
FN:1,(anonymous_0)
FN:5,(anonymous_1)
FNF:2
FNH:2
FNDA:8,(anonymous_0)
FNDA:8,(anonymous_1)
DA:1,4
DA:3,8
DA:7,8
LF:3
LH:3
BRF:0
BRH:0
end_of_record
TN:
SF:data\testSeeds\04-subjects.js
FN:1,(anonymous_0)
FN:5,(anonymous_1)
FNF:2
FNH:2
FNDA:8,(anonymous_0)
FNDA:8,(anonymous_1)
DA:1,4
DA:3,8
DA:7,8
LF:3
LH:3
BRF:0
BRH:0
end_of_record
TN:
SF:data\testSeeds\05-activity_types.js
FN:1,(anonymous_0)
FN:5,(anonymous_1)
FNF:2
FNH:2
FNDA:8,(anonymous_0)
FNDA:8,(anonymous_1)
DA:1,4
DA:3,8
DA:7,8
LF:3
LH:3
BRF:0
BRH:0
end_of_record
TN:
SF:data\testSeeds\06-activities.js
FN:1,(anonymous_0)
FN:5,(anonymous_1)
FNF:2
FNH:2
FNDA:8,(anonymous_0)
FNDA:8,(anonymous_1)
DA:1,4
DA:3,8
DA:7,8
LF:3
LH:3
BRF:0
BRH:0
end_of_record
TN:
SF:families\families-model.js
FN:11,getAllFamilies
FN:15,getFamilyById
FN:21,addFamily
FN:25,(anonymous_3)
FN:30,editFamily
FN:34,(anonymous_5)
FN:39,deleteFamily
FNF:7
FNH:7
FNDA:3,getAllFamilies
FNDA:15,getFamilyById
FNDA:3,addFamily
FNDA:3,(anonymous_3)
FNDA:5,editFamily
FNDA:5,(anonymous_5)
FNDA:5,deleteFamily
DA:1,4
DA:3,4
DA:12,3
DA:16,15
DA:22,3
DA:26,3
DA:31,5
DA:35,5
DA:40,5
LF:9
LH:9
BRF:0
BRH:0
end_of_record
TN:
SF:families\families-router.js
FN:5,(anonymous_0)
FN:7,(anonymous_1)
FN:10,(anonymous_2)
FN:15,(anonymous_3)
FN:17,(anonymous_4)
FN:25,(anonymous_5)
FN:30,(anonymous_6)
FN:33,(anonymous_7)
FN:36,(anonymous_8)
FN:45,(anonymous_9)
FN:48,(anonymous_10)
FN:55,(anonymous_11)
FN:64,(anonymous_12)
FN:66,(anonymous_13)
FN:73,(anonymous_14)
FNF:15
FNH:10
FNDA:2,(anonymous_0)
FNDA:2,(anonymous_1)
FNDA:0,(anonymous_2)
FNDA:4,(anonymous_3)
FNDA:4,(anonymous_4)
FNDA:0,(anonymous_5)
FNDA:4,(anonymous_6)
FNDA:2,(anonymous_7)
FNDA:0,(anonymous_8)
FNDA:6,(anonymous_9)
FNDA:4,(anonymous_10)
FNDA:0,(anonymous_11)
FNDA:4,(anonymous_12)
FNDA:4,(anonymous_13)
FNDA:0,(anonymous_14)
DA:1,4
DA:2,4
DA:3,4
DA:5,4
DA:6,2
DA:8,2
DA:11,0
DA:15,4
DA:16,4
DA:18,4
DA:19,2
DA:22,2
DA:26,0
DA:30,4
DA:31,4
DA:32,2
DA:34,2
DA:37,0
DA:41,2
DA:45,4
DA:46,6
DA:47,4
DA:49,4
DA:50,2
DA:52,2
DA:56,0
DA:59,2
DA:64,4
DA:65,4
DA:67,4
DA:68,2
DA:70,2
DA:74,0
DA:78,4
LF:34
LH:29
BRDA:18,0,0,2
BRDA:18,0,1,2
BRDA:31,1,0,2
BRDA:31,1,1,2
BRDA:46,2,0,4
BRDA:46,2,1,2
BRDA:49,3,0,2
BRDA:49,3,1,2
BRDA:67,4,0,2
BRDA:67,4,1,2
BRF:10
BRH:10
end_of_record
TN:
SF:subjects\subjects-model.js
FN:11,getAllSubjects
FN:15,getSubjectById
FN:21,addSubject
FN:25,(anonymous_3)
FN:30,editSubject
FN:34,(anonymous_5)
FN:39,deleteSubject
FNF:7
FNH:7
FNDA:3,getAllSubjects
FNDA:15,getSubjectById
FNDA:3,addSubject
FNDA:3,(anonymous_3)
FNDA:5,editSubject
FNDA:5,(anonymous_5)
FNDA:5,deleteSubject
DA:1,4
DA:3,4
DA:12,3
DA:16,15
DA:22,3
DA:26,3
DA:31,5
DA:35,5
DA:40,5
LF:9
LH:9
BRF:0
BRH:0
end_of_record
TN:
SF:subjects\subjects-router.js
FN:5,(anonymous_0)
FN:7,(anonymous_1)
FN:10,(anonymous_2)
FN:15,(anonymous_3)
FN:17,(anonymous_4)
FN:25,(anonymous_5)
FN:30,(anonymous_6)
FN:33,(anonymous_7)
FN:36,(anonymous_8)
FN:45,(anonymous_9)
FN:48,(anonymous_10)
FN:55,(anonymous_11)
FN:64,(anonymous_12)
FN:66,(anonymous_13)
FN:73,(anonymous_14)
FNF:15
FNH:10
FNDA:2,(anonymous_0)
FNDA:2,(anonymous_1)
FNDA:0,(anonymous_2)
FNDA:4,(anonymous_3)
FNDA:4,(anonymous_4)
FNDA:0,(anonymous_5)
FNDA:4,(anonymous_6)
FNDA:2,(anonymous_7)
FNDA:0,(anonymous_8)
FNDA:6,(anonymous_9)
FNDA:4,(anonymous_10)
FNDA:0,(anonymous_11)
FNDA:4,(anonymous_12)
FNDA:4,(anonymous_13)
FNDA:0,(anonymous_14)
DA:1,4
DA:2,4
DA:3,4
DA:5,4
DA:6,2
DA:8,2
DA:11,0
DA:15,4
DA:16,4
DA:18,4
DA:19,2
DA:22,2
DA:26,0
DA:30,4
DA:31,4
DA:32,2
DA:34,2
DA:37,0
DA:41,2
DA:45,4
DA:46,6
DA:47,4
DA:49,4
DA:50,2
DA:52,2
DA:56,0
DA:59,2
DA:64,4
DA:65,4
DA:67,4
DA:68,2
DA:70,2
DA:74,0
DA:78,4
LF:34
LH:29
BRDA:18,0,0,2
BRDA:18,0,1,2
BRDA:31,1,0,2
BRDA:31,1,1,2
BRDA:46,2,0,4
BRDA:46,2,1,2
BRDA:49,3,0,2
BRDA:49,3,1,2
BRDA:67,4,0,2
BRDA:67,4,1,2
BRF:10
BRH:10
end_of_record
TN:
SF:users\users-model.js
FN:12,getAllUsers
FN:23,getUserById
FN:36,getAllActivitesForUser
FN:54,editUser
FN:58,deleteUser
FN:62,addUser
FN:66,(anonymous_6)
FNF:7
FNH:5
FNDA:3,getAllUsers
FNDA:15,getUserById
FNDA:3,getAllActivitesForUser
FNDA:3,editUser
FNDA:2,deleteUser
FNDA:0,addUser
FNDA:0,(anonymous_6)
DA:1,4
DA:3,4
DA:13,3
DA:24,15
DA:37,3
DA:55,3
DA:59,2
DA:63,0
DA:67,0
LF:9
LH:7
BRF:0
BRH:0
end_of_record
TN:
SF:users\users-router.js
FN:13,(anonymous_0)
FN:15,(anonymous_1)
FN:16,(anonymous_2)
FN:19,(anonymous_3)
FN:23,(anonymous_4)
FN:26,(anonymous_5)
FN:27,(anonymous_6)
FN:30,(anonymous_7)
FN:33,(anonymous_8)
FN:35,(anonymous_9)
FN:36,(anonymous_10)
FN:38,(anonymous_11)
FN:41,(anonymous_12)
FN:44,(anonymous_13)
FN:48,(anonymous_14)
FN:50,(anonymous_15)
FN:51,(anonymous_16)
FN:53,(anonymous_17)
FN:59,(anonymous_18)
FN:62,(anonymous_19)
FN:69,(anonymous_20)
FN:72,verifyId
FN:75,(anonymous_22)
FN:79,(anonymous_23)
FN:82,userBodyVerifaction
FNF:25
FNH:17
FNDA:2,(anonymous_0)
FNDA:2,(anonymous_1)
FNDA:0,(anonymous_2)
FNDA:3,(anonymous_3)
FNDA:2,(anonymous_4)
FNDA:2,(anonymous_5)
FNDA:0,(anonymous_6)
FNDA:1,(anonymous_7)
FNDA:1,(anonymous_8)
FNDA:1,(anonymous_9)
FNDA:0,(anonymous_10)
FNDA:0,(anonymous_11)
FNDA:2,(anonymous_12)
FNDA:1,(anonymous_13)
FNDA:1,(anonymous_14)
FNDA:1,(anonymous_15)
FNDA:0,(anonymous_16)
FNDA:0,(anonymous_17)
FNDA:1,(anonymous_18)
FNDA:1,(anonymous_19)
FNDA:0,(anonymous_20)
FNDA:10,verifyId
FNDA:10,(anonymous_22)
FNDA:0,(anonymous_23)
FNDA:1,userBodyVerifaction
DA:1,4
DA:2,4
DA:3,4
DA:4,4
DA:5,4
DA:7,4
DA:13,4
DA:14,2
DA:15,2
DA:16,0
DA:19,4
DA:20,3
DA:23,4
DA:24,2
DA:25,2
DA:26,2
DA:27,0
DA:30,4
DA:31,1
DA:32,1
DA:34,1
DA:35,1
DA:36,0
DA:38,0
DA:41,4
DA:42,2
DA:43,2
DA:44,1
DA:45,1
DA:49,1
DA:50,1
DA:51,0
DA:54,0
DA:59,4
DA:60,1
DA:61,1
DA:63,1
DA:69,0
DA:73,10
DA:74,10
DA:76,10
DA:77,10
DA:79,0
DA:83,1
DA:84,1
DA:91,4
LF:46
LH:38
BRDA:63,0,0,1
BRDA:63,0,1,0
BRDA:77,1,0,9
BRDA:77,1,1,1
BRDA:84,2,0,1
BRDA:84,2,1,0
BRDA:84,3,0,1
BRDA:84,3,1,1
BRDA:84,3,2,0
BRDA:84,3,3,0
BRDA:84,3,4,0
BRF:11
BRH:6
end_of_record
TN:
SF:utils\generateToken.js
FN:1,generateToken
FNF:1
FNH:0
FNDA:0,generateToken
DA:1,0
DA:2,0
DA:6,0
DA:9,0
LF:4
LH:0
BRF:0
BRH:0
end_of_record
