TN:
SF:index.js
FN:5,(anonymous_0)
FNF:1
FNH:0
FNDA:0,(anonymous_0)
DA:1,0
DA:2,0
DA:4,0
DA:5,0
LF:4
LH:0
BRDA:4,0,0,0
BRDA:4,0,1,0
BRF:2
BRH:0
end_of_record
TN:
SF:knexfile.js
FN:16,(anonymous_0)
FNF:1
FNH:0
FNDA:0,(anonymous_0)
DA:1,4
DA:18,0
LF:2
LH:1
BRF:0
BRH:0
end_of_record
TN:
SF:activitylog\activities-model.js
FN:11,getAllActivities
FN:19,getActivityById
FN:28,addActivity
FN:32,editActivity
FN:36,deleteActivity
FNF:5
FNH:5
FNDA:3,getAllActivities
FNDA:14,getActivityById
FNDA:5,addActivity
FNDA:2,editActivity
FNDA:3,deleteActivity
DA:1,4
DA:3,4
DA:12,3
DA:20,14
DA:29,5
DA:33,2
DA:37,3
LF:7
LH:7
BRF:0
BRH:0
end_of_record
TN:
SF:activitylog\activities-router.js
FN:12,(anonymous_0)
FN:14,(anonymous_1)
FN:15,(anonymous_2)
FN:18,(anonymous_3)
FN:22,(anonymous_4)
FN:25,(anonymous_5)
FN:29,(anonymous_6)
FN:32,(anonymous_7)
FN:36,(anonymous_8)
FN:39,(anonymous_9)
FN:41,(anonymous_10)
FN:46,(anonymous_11)
FN:48,(anonymous_12)
FN:49,(anonymous_13)
FN:51,(anonymous_14)
FN:57,(anonymous_15)
FN:60,(anonymous_16)
FN:65,(anonymous_17)
FN:67,(anonymous_18)
FN:68,(anonymous_19)
FN:70,(anonymous_20)
FN:76,(anonymous_21)
FN:80,(anonymous_22)
FN:82,(anonymous_23)
FN:83,(anonymous_24)
FN:85,(anonymous_25)
FN:88,(anonymous_26)
FN:90,(anonymous_27)
FN:91,(anonymous_28)
FN:94,verifyId
FN:97,(anonymous_30)
FN:101,(anonymous_31)
FN:104,verifyBodyForPost
FN:109,verifyBodyForPut
FNF:34
FNH:16
FNDA:2,(anonymous_0)
FNDA:2,(anonymous_1)
FNDA:0,(anonymous_2)
FNDA:3,(anonymous_3)
FNDA:4,(anonymous_4)
FNDA:4,(anonymous_5)
FNDA:4,(anonymous_6)
FNDA:0,(anonymous_7)
FNDA:0,(anonymous_8)
FNDA:0,(anonymous_9)
FNDA:0,(anonymous_10)
FNDA:0,(anonymous_11)
FNDA:0,(anonymous_12)
FNDA:0,(anonymous_13)
FNDA:0,(anonymous_14)
FNDA:2,(anonymous_15)
FNDA:0,(anonymous_16)
FNDA:0,(anonymous_17)
FNDA:0,(anonymous_18)
FNDA:0,(anonymous_19)
FNDA:0,(anonymous_20)
FNDA:1,(anonymous_21)
FNDA:1,(anonymous_22)
FNDA:1,(anonymous_23)
FNDA:0,(anonymous_24)
FNDA:0,(anonymous_25)
FNDA:2,(anonymous_26)
FNDA:2,(anonymous_27)
FNDA:0,(anonymous_28)
FNDA:6,verifyId
FNDA:6,(anonymous_30)
FNDA:0,(anonymous_31)
FNDA:4,verifyBodyForPost
FNDA:1,verifyBodyForPut
DA:1,4
DA:2,4
DA:3,4
DA:4,4
DA:6,4
DA:12,4
DA:13,2
DA:14,2
DA:15,0
DA:18,4
DA:19,3
DA:22,4
DA:23,4
DA:24,4
DA:26,4
DA:30,4
DA:32,0
DA:36,0
DA:39,4
DA:40,0
DA:41,0
DA:42,0
DA:47,0
DA:48,0
DA:49,0
DA:52,0
DA:57,4
DA:58,2
DA:59,2
DA:60,1
DA:61,0
DA:66,0
DA:67,0
DA:68,0
DA:71,0
DA:76,4
DA:77,1
DA:78,1
DA:79,1
DA:81,1
DA:82,1
DA:83,0
DA:85,0
DA:88,4
DA:89,2
DA:90,2
DA:91,0
DA:95,6
DA:96,6
DA:98,6
DA:99,6
DA:101,0
DA:105,4
DA:106,4
DA:110,1
DA:111,1
DA:118,4
LF:57
LH:38
BRDA:26,0,0,4
BRDA:26,0,1,0
BRDA:99,1,0,6
BRDA:99,1,1,0
BRDA:106,2,0,4
BRDA:106,2,1,0
BRDA:111,3,0,1
BRDA:111,3,1,0
BRDA:111,4,0,1
BRDA:111,4,1,1
BRDA:111,4,2,0
BRDA:111,4,3,0
BRDA:111,4,4,0
BRDA:111,4,5,0
BRF:14
BRH:6
end_of_record
TN:
SF:api\server.js
FNF:0
FNH:0
DA:1,4
DA:2,4
DA:3,4
DA:4,4
DA:5,4
DA:6,4
DA:7,4
DA:8,4
DA:9,4
DA:11,4
DA:14,4
DA:15,4
DA:16,4
DA:17,4
DA:18,4
DA:19,4
DA:20,4
DA:22,4
LF:18
LH:18
BRF:0
BRH:0
end_of_record
TN:
SF:auth\auth-router.js
FN:10,(anonymous_0)
FN:20,(anonymous_1)
FNF:2
FNH:0
FNDA:0,(anonymous_0)
FNDA:0,(anonymous_1)
DA:2,0
DA:3,0
DA:4,0
DA:7,0
DA:10,0
DA:11,0
DA:14,0
DA:15,0
DA:20,0
DA:25,0
LF:10
LH:0
BRF:0
BRH:0
end_of_record
TN:
SF:auth\authenticator.js
FN:3,(anonymous_0)
FN:9,(anonymous_1)
FNF:2
FNH:0
FNDA:0,(anonymous_0)
FNDA:0,(anonymous_1)
DA:1,0
DA:3,0
DA:4,0
DA:6,0
DA:8,0
DA:9,0
DA:10,0
DA:11,0
DA:13,0
DA:14,0
DA:18,0
LF:11
LH:0
BRDA:6,0,0,0
BRDA:6,0,1,0
BRDA:8,1,0,0
BRDA:8,1,1,0
BRDA:10,2,0,0
BRDA:10,2,1,0
BRF:6
BRH:0
end_of_record
TN:
SF:data\dbconfig.js
FNF:0
FNH:0
DA:1,4
DA:3,4
DA:5,4
DA:7,4
LF:4
LH:4
BRDA:5,0,0,4
BRDA:5,0,1,0
BRF:2
BRH:1
end_of_record
TN:
SF:data\migrations\20200513134144_families-table.js
FN:1,(anonymous_0)
FN:2,(anonymous_1)
FN:8,(anonymous_2)
FNF:3
FNH:0
FNDA:0,(anonymous_0)
FNDA:0,(anonymous_1)
FNDA:0,(anonymous_2)
DA:1,0
DA:2,0
DA:3,0
DA:4,0
DA:8,0
DA:9,0
LF:6
LH:0
BRF:0
BRH:0
end_of_record
TN:
SF:data\migrations\20200513134204_user_types-table.js
FN:1,(anonymous_0)
FN:2,(anonymous_1)
FN:8,(anonymous_2)
FNF:3
FNH:0
FNDA:0,(anonymous_0)
FNDA:0,(anonymous_1)
FNDA:0,(anonymous_2)
DA:1,0
DA:2,0
DA:3,0
DA:4,0
DA:8,0
DA:9,0
LF:6
LH:0
BRF:0
BRH:0
end_of_record
TN:
SF:data\migrations\20200513134211_users-table.js
FN:1,(anonymous_0)
FN:2,(anonymous_1)
FN:14,(anonymous_2)
FNF:3
FNH:0
FNDA:0,(anonymous_0)
FNDA:0,(anonymous_1)
FNDA:0,(anonymous_2)
DA:1,0
DA:2,0
DA:3,0
DA:4,0
DA:5,0
DA:6,0
DA:7,0
DA:8,0
DA:9,0
DA:10,0
DA:14,0
DA:15,0
LF:12
LH:0
BRF:0
BRH:0
end_of_record
TN:
SF:data\migrations\20200513134221_subjects-table.js
FN:1,(anonymous_0)
FN:2,(anonymous_1)
FN:8,(anonymous_2)
FNF:3
FNH:0
FNDA:0,(anonymous_0)
FNDA:0,(anonymous_1)
FNDA:0,(anonymous_2)
DA:1,0
DA:2,0
DA:3,0
DA:4,0
DA:8,0
DA:9,0
LF:6
LH:0
BRF:0
BRH:0
end_of_record
TN:
SF:data\migrations\20200513134229_activity_types-table.js
FN:1,(anonymous_0)
FN:2,(anonymous_1)
FN:8,(anonymous_2)
FNF:3
FNH:0
FNDA:0,(anonymous_0)
FNDA:0,(anonymous_1)
FNDA:0,(anonymous_2)
DA:1,0
DA:2,0
DA:3,0
DA:4,0
DA:8,0
DA:9,0
LF:6
LH:0
BRF:0
BRH:0
end_of_record
TN:
SF:data\migrations\20200513134242_activities-table.js
FN:1,(anonymous_0)
FN:2,(anonymous_1)
FN:16,(anonymous_2)
FNF:3
FNH:0
FNDA:0,(anonymous_0)
FNDA:0,(anonymous_1)
FNDA:0,(anonymous_2)
DA:1,0
DA:2,0
DA:3,0
DA:4,0
DA:5,0
DA:6,0
DA:7,0
DA:8,0
DA:9,0
DA:10,0
DA:11,0
DA:12,0
DA:16,0
DA:17,0
LF:14
LH:0
BRF:0
BRH:0
end_of_record
TN:
SF:data\seeds\01-families.js
FN:1,(anonymous_0)
FN:5,(anonymous_1)
FNF:2
FNH:0
FNDA:0,(anonymous_0)
FNDA:0,(anonymous_1)
DA:1,0
DA:3,0
DA:7,0
LF:3
LH:0
BRF:0
BRH:0
end_of_record
TN:
SF:data\seeds\02-user_types.js
FN:1,(anonymous_0)
FN:5,(anonymous_1)
FNF:2
FNH:0
FNDA:0,(anonymous_0)
FNDA:0,(anonymous_1)
DA:1,0
DA:3,0
DA:7,0
LF:3
LH:0
BRF:0
BRH:0
end_of_record
TN:
SF:data\seeds\03-users.js
FN:1,(anonymous_0)
FN:5,(anonymous_1)
FNF:2
FNH:0
FNDA:0,(anonymous_0)
FNDA:0,(anonymous_1)
DA:1,0
DA:3,0
DA:7,0
LF:3
LH:0
BRF:0
BRH:0
end_of_record
TN:
SF:data\seeds\04-subjects.js
FN:1,(anonymous_0)
FN:5,(anonymous_1)
FNF:2
FNH:0
FNDA:0,(anonymous_0)
FNDA:0,(anonymous_1)
DA:1,0
DA:3,0
DA:7,0
LF:3
LH:0
BRF:0
BRH:0
end_of_record
TN:
SF:data\seeds\05-activity_types.js
FN:1,(anonymous_0)
FN:5,(anonymous_1)
FNF:2
FNH:0
FNDA:0,(anonymous_0)
FNDA:0,(anonymous_1)
DA:1,0
DA:3,0
DA:7,0
LF:3
LH:0
BRF:0
BRH:0
end_of_record
TN:
SF:data\seeds\06-activities.js
FN:1,(anonymous_0)
FN:5,(anonymous_1)
FNF:2
FNH:0
FNDA:0,(anonymous_0)
FNDA:0,(anonymous_1)
DA:1,0
DA:3,0
DA:7,0
LF:3
LH:0
BRF:0
BRH:0
end_of_record
TN:
SF:data\testSeeds\01-families.js
FN:1,(anonymous_0)
FN:5,(anonymous_1)
FNF:2
FNH:2
FNDA:8,(anonymous_0)
FNDA:8,(anonymous_1)
DA:1,4
DA:3,8
DA:7,8
LF:3
LH:3
BRF:0
BRH:0
end_of_record
TN:
SF:data\testSeeds\02-user_types.js
FN:1,(anonymous_0)
FN:5,(anonymous_1)
FNF:2
FNH:2
FNDA:8,(anonymous_0)
FNDA:8,(anonymous_1)
DA:1,4
DA:3,8
DA:7,8
LF:3
LH:3
BRF:0
BRH:0
end_of_record
TN:
SF:data\testSeeds\03-users.js
FN:1,(anonymous_0)
FN:5,(anonymous_1)
FNF:2
FNH:2
FNDA:8,(anonymous_0)
FNDA:8,(anonymous_1)
DA:1,4
DA:3,8
DA:7,8
LF:3
LH:3
BRF:0
BRH:0
end_of_record
TN:
SF:data\testSeeds\04-subjects.js
FN:1,(anonymous_0)
FN:5,(anonymous_1)
FNF:2
FNH:2
FNDA:8,(anonymous_0)
FNDA:8,(anonymous_1)
DA:1,4
DA:3,8
DA:7,8
LF:3
LH:3
BRF:0
BRH:0
end_of_record
TN:
SF:data\testSeeds\05-activity_types.js
FN:1,(anonymous_0)
FN:5,(anonymous_1)
FNF:2
FNH:2
FNDA:8,(anonymous_0)
FNDA:8,(anonymous_1)
DA:1,4
DA:3,8
DA:7,8
LF:3
LH:3
BRF:0
BRH:0
end_of_record
TN:
SF:data\testSeeds\06-activities.js
FN:1,(anonymous_0)
FN:5,(anonymous_1)
FNF:2
FNH:2
FNDA:8,(anonymous_0)
FNDA:8,(anonymous_1)
DA:1,4
DA:3,8
DA:7,8
LF:3
LH:3
BRF:0
BRH:0
end_of_record
TN:
SF:families\families-model.js
FN:11,getAllFamilies
FN:15,getFamilyById
FN:21,addFamily
FN:25,(anonymous_3)
FN:30,editFamily
FN:34,(anonymous_5)
FN:39,deleteFamily
FNF:7
FNH:7
FNDA:3,getAllFamilies
FNDA:15,getFamilyById
FNDA:3,addFamily
FNDA:3,(anonymous_3)
FNDA:5,editFamily
FNDA:5,(anonymous_5)
FNDA:5,deleteFamily
DA:1,4
DA:3,4
DA:12,3
DA:16,15
DA:22,3
DA:26,3
DA:31,5
DA:35,5
DA:40,5
LF:9
LH:9
BRF:0
BRH:0
end_of_record
TN:
SF:families\families-router.js
FN:5,(anonymous_0)
FN:7,(anonymous_1)
FN:10,(anonymous_2)
FN:15,(anonymous_3)
FN:17,(anonymous_4)
FN:25,(anonymous_5)
FN:30,(anonymous_6)
FN:33,(anonymous_7)
FN:36,(anonymous_8)
FN:45,(anonymous_9)
FN:48,(anonymous_10)
FN:55,(anonymous_11)
FN:64,(anonymous_12)
FN:66,(anonymous_13)
FN:73,(anonymous_14)
FNF:15
FNH:10
FNDA:2,(anonymous_0)
FNDA:2,(anonymous_1)
FNDA:0,(anonymous_2)
FNDA:4,(anonymous_3)
FNDA:4,(anonymous_4)
FNDA:0,(anonymous_5)
FNDA:4,(anonymous_6)
FNDA:2,(anonymous_7)
FNDA:0,(anonymous_8)
FNDA:6,(anonymous_9)
FNDA:4,(anonymous_10)
FNDA:0,(anonymous_11)
FNDA:4,(anonymous_12)
FNDA:4,(anonymous_13)
FNDA:0,(anonymous_14)
DA:1,4
DA:2,4
DA:3,4
DA:5,4
DA:6,2
DA:8,2
DA:11,0
DA:15,4
DA:16,4
DA:18,4
DA:19,2
DA:22,2
DA:26,0
DA:30,4
DA:31,4
DA:32,2
DA:34,2
DA:37,0
DA:41,2
DA:45,4
DA:46,6
DA:47,4
DA:49,4
DA:50,2
DA:52,2
DA:56,0
DA:59,2
DA:64,4
DA:65,4
DA:67,4
DA:68,2
DA:70,2
DA:74,0
DA:78,4
LF:34
LH:29
BRDA:18,0,0,2
BRDA:18,0,1,2
BRDA:31,1,0,2
BRDA:31,1,1,2
BRDA:46,2,0,4
BRDA:46,2,1,2
BRDA:49,3,0,2
BRDA:49,3,1,2
BRDA:67,4,0,2
BRDA:67,4,1,2
BRF:10
BRH:10
end_of_record
TN:
SF:subjects\subjects-model.js
FN:11,getAllSubjects
FN:15,getSubjectById
FN:21,addSubject
FN:25,(anonymous_3)
FN:30,editSubject
FN:34,(anonymous_5)
FN:39,deleteSubject
FNF:7
FNH:7
FNDA:3,getAllSubjects
FNDA:15,getSubjectById
FNDA:3,addSubject
FNDA:3,(anonymous_3)
FNDA:5,editSubject
FNDA:5,(anonymous_5)
FNDA:5,deleteSubject
DA:1,4
DA:3,4
DA:12,3
DA:16,15
DA:22,3
DA:26,3
DA:31,5
DA:35,5
DA:40,5
LF:9
LH:9
BRF:0
BRH:0
end_of_record
TN:
SF:subjects\subjects-router.js
FN:5,(anonymous_0)
FN:7,(anonymous_1)
FN:10,(anonymous_2)
FN:15,(anonymous_3)
FN:17,(anonymous_4)
FN:25,(anonymous_5)
FN:30,(anonymous_6)
FN:33,(anonymous_7)
FN:36,(anonymous_8)
FN:45,(anonymous_9)
FN:48,(anonymous_10)
FN:55,(anonymous_11)
FN:64,(anonymous_12)
FN:66,(anonymous_13)
FN:73,(anonymous_14)
FNF:15
FNH:10
FNDA:2,(anonymous_0)
FNDA:2,(anonymous_1)
FNDA:0,(anonymous_2)
FNDA:4,(anonymous_3)
FNDA:4,(anonymous_4)
FNDA:0,(anonymous_5)
FNDA:4,(anonymous_6)
FNDA:2,(anonymous_7)
FNDA:0,(anonymous_8)
FNDA:6,(anonymous_9)
FNDA:4,(anonymous_10)
FNDA:0,(anonymous_11)
FNDA:4,(anonymous_12)
FNDA:4,(anonymous_13)
FNDA:0,(anonymous_14)
DA:1,4
DA:2,4
DA:3,4
DA:5,4
DA:6,2
DA:8,2
DA:11,0
DA:15,4
DA:16,4
DA:18,4
DA:19,2
DA:22,2
DA:26,0
DA:30,4
DA:31,4
DA:32,2
DA:34,2
DA:37,0
DA:41,2
DA:45,4
DA:46,6
DA:47,4
DA:49,4
DA:50,2
DA:52,2
DA:56,0
DA:59,2
DA:64,4
DA:65,4
DA:67,4
DA:68,2
DA:70,2
DA:74,0
DA:78,4
LF:34
LH:29
BRDA:18,0,0,2
BRDA:18,0,1,2
BRDA:31,1,0,2
BRDA:31,1,1,2
BRDA:46,2,0,4
BRDA:46,2,1,2
BRDA:49,3,0,2
BRDA:49,3,1,2
BRDA:67,4,0,2
BRDA:67,4,1,2
BRF:10
BRH:10
end_of_record
TN:
SF:users\users-model.js
FN:11,getAllUsers
FN:18,getUserById
FN:26,getAllActivitesForUser
FN:35,editUser
FN:39,deleteUser
FNF:5
FNH:5
FNDA:3,getAllUsers
FNDA:14,getUserById
FNDA:3,getAllActivitesForUser
FNDA:2,editUser
FNDA:2,deleteUser
DA:1,4
DA:3,4
DA:12,3
DA:19,14
DA:27,3
DA:36,2
DA:40,2
LF:7
LH:7
BRF:0
BRH:0
end_of_record
TN:
SF:users\users-router.js
FN:12,(anonymous_0)
FN:14,(anonymous_1)
FN:15,(anonymous_2)
FN:18,(anonymous_3)
FN:22,(anonymous_4)
FN:25,(anonymous_5)
FN:26,(anonymous_6)
FN:29,(anonymous_7)
FN:32,(anonymous_8)
FN:34,(anonymous_9)
FN:35,(anonymous_10)
FN:37,(anonymous_11)
FN:40,(anonymous_12)
FN:43,(anonymous_13)
FN:47,(anonymous_14)
FN:49,(anonymous_15)
FN:50,(anonymous_16)
FN:52,(anonymous_17)
FN:58,(anonymous_18)
FN:62,(anonymous_19)
FN:69,(anonymous_20)
FN:72,verifyId
FN:75,(anonymous_22)
FN:79,(anonymous_23)
FN:82,userBodyVerifaction
FNF:25
FNH:14
FNDA:2,(anonymous_0)
FNDA:2,(anonymous_1)
FNDA:0,(anonymous_2)
FNDA:3,(anonymous_3)
FNDA:2,(anonymous_4)
FNDA:2,(anonymous_5)
FNDA:0,(anonymous_6)
FNDA:1,(anonymous_7)
FNDA:1,(anonymous_8)
FNDA:1,(anonymous_9)
FNDA:0,(anonymous_10)
FNDA:0,(anonymous_11)
FNDA:2,(anonymous_12)
FNDA:0,(anonymous_13)
FNDA:0,(anonymous_14)
FNDA:0,(anonymous_15)
FNDA:0,(anonymous_16)
FNDA:0,(anonymous_17)
FNDA:1,(anonymous_18)
FNDA:1,(anonymous_19)
FNDA:0,(anonymous_20)
FNDA:10,verifyId
FNDA:10,(anonymous_22)
FNDA:0,(anonymous_23)
FNDA:1,userBodyVerifaction
DA:1,4
DA:2,4
DA:3,4
DA:4,4
DA:6,4
DA:12,4
DA:13,2
DA:14,2
DA:15,0
DA:18,4
DA:19,3
DA:22,4
DA:23,2
DA:24,2
DA:25,2
DA:26,0
DA:29,4
DA:30,1
DA:31,1
DA:33,1
DA:34,1
DA:35,0
DA:37,0
DA:40,4
DA:41,2
DA:42,2
DA:43,1
DA:44,0
DA:48,0
DA:49,0
DA:50,0
DA:53,0
DA:58,4
DA:59,1
DA:60,1
DA:61,1
DA:63,1
DA:69,0
DA:73,10
DA:74,10
DA:76,10
DA:77,10
DA:79,0
DA:83,1
DA:84,1
DA:91,4
LF:46
LH:35
BRDA:63,0,0,1
BRDA:63,0,1,0
BRDA:77,1,0,9
BRDA:77,1,1,1
BRDA:84,2,0,1
BRDA:84,2,1,0
BRDA:84,3,0,1
BRDA:84,3,1,1
BRDA:84,3,2,0
BRDA:84,3,3,0
BRDA:84,3,4,0
BRF:11
BRH:6
end_of_record
TN:
SF:utils\generateToken.js
FN:1,generateToken
FNF:1
FNH:0
FNDA:0,generateToken
DA:1,0
DA:2,0
DA:6,0
DA:9,0
LF:4
LH:0
BRF:0
BRH:0
end_of_record
